Log file open, 01/29/20 12:29:27
LogWindows: Failed to load 'aqProf.dll' (GetLastError=126)
LogWindows: File 'aqProf.dll' does not exist
LogWindows: Failed to load 'VtuneApi.dll' (GetLastError=126)
LogWindows: File 'VtuneApi.dll' does not exist
LogWindows: Failed to load 'VtuneApi32e.dll' (GetLastError=126)
LogWindows: File 'VtuneApi32e.dll' does not exist
LogConsoleResponse: Display: Failed to find resolution value strings in scalability ini. Falling back to default.
LogInit: Display: Running engine for game: SuperAwesomeGame
LogPakFile: Registered encryption key '00000000000000000000000000000000': 0 pak files mounted, 0 remain pending
LogPlatformFile: Not using cached read wrapper
LogTaskGraph: Started task graph with 5 named threads and 23 total threads with 3 sets of task threads.
LogStats: Stats thread started at 0.295378
LogD3D11RHI: Loaded GFSDK_Aftermath_Lib.x64.dll
LogICUInternationalization: ICU TimeZone Detection - Raw Offset: +0:00, Platform Override: ''
LogPluginManager: Mounting plugin Paper2D
LogPluginManager: Mounting plugin AISupport
LogPluginManager: Mounting plugin LightPropagationVolume
LogPluginManager: Mounting plugin ActorLayerUtilities
LogPluginManager: Mounting plugin AnimationSharing
LogPluginManager: Mounting plugin CLionSourceCodeAccess
LogPluginManager: Mounting plugin CodeLiteSourceCodeAccess
LogPluginManager: Mounting plugin GitSourceControl
LogPluginManager: Mounting plugin KDevelopSourceCodeAccess
LogPluginManager: Mounting plugin NullSourceCodeAccess
LogPluginManager: Mounting plugin PerforceSourceControl
LogPluginManager: Mounting plugin SubversionSourceControl
LogPluginManager: Mounting plugin UObjectPlugin
LogPluginManager: Mounting plugin VisualStudioCodeSourceCodeAccess
LogPluginManager: Mounting plugin VisualStudioSourceCodeAccess
LogPluginManager: Mounting plugin XCodeSourceCodeAccess
LogPluginManager: Mounting plugin AssetManagerEditor
LogPluginManager: Mounting plugin CryptoKeys
LogPluginManager: Mounting plugin DataValidation
LogPluginManager: Mounting plugin FacialAnimation
LogPluginManager: Mounting plugin GameplayTagsEditor
LogPluginManager: Mounting plugin MacGraphicsSwitching
LogPluginManager: Mounting plugin MaterialAnalyzer
LogPluginManager: Mounting plugin MobileLauncherProfileWizard
LogPluginManager: Mounting plugin PluginBrowser
LogPluginManager: Mounting plugin SpeedTreeImporter
LogPluginManager: Mounting plugin DatasmithContent
LogPluginManager: Mounting plugin VariantManagerContent
LogPluginManager: Mounting plugin AlembicImporter
LogPluginManager: Mounting plugin AppleImageUtils
LogPluginManager: Mounting plugin AppleVision
LogPluginManager: Mounting plugin BackChannel
LogPluginManager: Mounting plugin CharacterAI
LogPluginManager: Mounting plugin GeometryCache
LogPluginManager: Mounting plugin HTML5Networking
LogPluginManager: Mounting plugin ProxyLODPlugin
LogPluginManager: Mounting plugin SkeletalReduction
LogPluginManager: Mounting plugin MagicLeap
LogPluginManager: Mounting plugin MagicLeapMedia
LogPluginManager: Mounting plugin AndroidMedia
LogPluginManager: Mounting plugin AvfMedia
LogPluginManager: Mounting plugin ImgMedia
LogPluginManager: Mounting plugin LinearTimecode
LogPluginManager: Mounting plugin MediaCompositing
LogPluginManager: Mounting plugin MediaPlayerEditor
LogPluginManager: Mounting plugin WebMMedia
LogPluginManager: Mounting plugin WmfMedia
LogPluginManager: Mounting plugin TcpMessaging
LogPluginManager: Mounting plugin UdpMessaging
LogPluginManager: Mounting plugin ActorSequence
LogPluginManager: Mounting plugin LevelSequenceEditor
LogPluginManager: Mounting plugin MatineeToLevelSequence
LogPluginManager: Mounting plugin NetcodeUnitTest
LogPluginManager: Mounting plugin NUTUnrealEngine4
LogPluginManager: Mounting plugin OnlineSubsystemGooglePlay
LogPluginManager: Mounting plugin OnlineSubsystemIOS
LogPluginManager: Mounting plugin OnlineSubsystem
LogPluginManager: Mounting plugin OnlineSubsystemNull
LogPluginManager: Mounting plugin OnlineSubsystemUtils
LogPluginManager: Mounting plugin LauncherChunkInstaller
LogPluginManager: Mounting plugin AndroidDeviceProfileSelector
LogPluginManager: Mounting plugin AndroidMoviePlayer
LogPluginManager: Mounting plugin AndroidPermission
LogPluginManager: Mounting plugin AppleMoviePlayer
LogPluginManager: Mounting plugin ArchVisCharacter
LogPluginManager: Mounting plugin AudioCapture
LogPluginManager: Mounting plugin CableComponent
LogPluginManager: Mounting plugin CustomMeshComponent
LogPluginManager: Mounting plugin EditableMesh
LogPluginManager: Mounting plugin ExampleDeviceProfileSelector
LogPluginManager: Mounting plugin Firebase
LogPluginManager: Mounting plugin GoogleCloudMessaging
LogPluginManager: Mounting plugin IOSDeviceProfileSelector
LogPluginManager: Mounting plugin LinuxDeviceProfileSelector
LogPluginManager: Mounting plugin LocationServicesBPLibrary
LogPluginManager: Mounting plugin MobilePatchingUtils
LogPluginManager: Mounting plugin OculusVR
LogPluginManager: Mounting plugin PhysXVehicles
LogPluginManager: Mounting plugin ProceduralMeshComponent
LogPluginManager: Mounting plugin RuntimePhysXCooking
LogPluginManager: Mounting plugin SignificanceManager
LogPluginManager: Mounting plugin SteamVR
LogPluginManager: Mounting plugin WebMMoviePlayer
LogPluginManager: Mounting plugin WindowsMoviePlayer
LogInit: Using libcurl 7.55.1-DEV
LogInit:  - built for x86_64-pc-win32
LogInit:  - supports SSL with OpenSSL/1.1.1
LogInit:  - supports HTTP deflate (compression) using libz 1.2.8
LogInit:  - other features:
LogInit:      CURL_VERSION_SSL
LogInit:      CURL_VERSION_LIBZ
LogInit:      CURL_VERSION_IPV6
LogInit:      CURL_VERSION_ASYNCHDNS
LogInit:      CURL_VERSION_LARGEFILE
LogInit:      CURL_VERSION_IDN
LogInit:  CurlRequestOptions (configurable via config and command line):
LogInit:  - bVerifyPeer = true  - Libcurl will verify peer certificate
LogInit:  - bUseHttpProxy = false  - Libcurl will NOT use HTTP proxy
LogInit:  - bDontReuseConnections = false  - Libcurl will reuse connections
LogInit:  - MaxHostConnections = 16  - Libcurl will limit the number of connections to a host
LogInit:  - LocalHostAddr = Default
LogInit:  - BufferSize = 65536
LogInit: WinSock: version 1.1 (2.2), MaxSocks=32767, MaxUdp=65467
LogInit: Build: ++UE4+Release-4.22-CL-7053642
LogInit: Engine Version: 4.22.3-7053642+++UE4+Release-4.22
LogInit: Compatible Engine Version: 4.22.0-5660361+++UE4+Release-4.22
LogInit: Net CL: 5660361
LogInit: OS: Windows 10 (Release 1803) (), CPU: Intel(R) Core(TM) i7-6700 CPU @ 3.40GHz, GPU: NVIDIA GeForce GTX 1080
LogInit: Compiled (64-bit): Jun 18 2019 03:09:11
LogInit: Compiled with Visual C++: 19.16.27025.01
LogInit: Build Configuration: Development
LogInit: Branch Name: ++UE4+Release-4.22
LogInit: Command Line: 
LogInit: Base Directory: C:/Program Files/Epic Games/UE_4.22/Engine/Binaries/Win64/
LogInit: Installed Engine Build: 1
LogDevObjectVersion: Number of dev versions registered: 23
LogDevObjectVersion:   Dev-Blueprints (B0D832E4-1F89-4F0D-ACCF-7EB736FD4AA2): 10
LogDevObjectVersion:   Dev-Build (E1C64328-A22C-4D53-A36C-8E866417BD8C): 0
LogDevObjectVersion:   Dev-Core (375EC13C-06E4-48FB-B500-84F0262A717E): 3
LogDevObjectVersion:   Dev-Editor (E4B068ED-F494-42E9-A231-DA0B2E46BB41): 30
LogDevObjectVersion:   Dev-Framework (CFFC743F-43B0-4480-9391-14DF171D2073): 35
LogDevObjectVersion:   Dev-Mobile (B02B49B5-BB20-44E9-A304-32B752E40360): 2
LogDevObjectVersion:   Dev-Networking (A4E4105C-59A1-49B5-A7C5-40C4547EDFEE): 0
LogDevObjectVersion:   Dev-Online (39C831C9-5AE6-47DC-9A44-9C173E1C8E7C): 0
LogDevObjectVersion:   Dev-Physics (78F01B33-EBEA-4F98-B9B4-84EACCB95AA2): 0
LogDevObjectVersion:   Dev-Platform (6631380F-2D4D-43E0-8009-CF276956A95A): 0
LogDevObjectVersion:   Dev-Rendering (12F88B9F-8875-4AFC-A67C-D90C383ABD29): 28
LogDevObjectVersion:   Dev-Sequencer (7B5AE74C-D270-4C10-A958-57980B212A5A): 11
LogDevObjectVersion:   Dev-VR (D7296918-1DD6-4BDD-9DE2-64A83CC13884): 2
LogDevObjectVersion:   Dev-LoadTimes (C2A15278-BFE7-4AFE-6C17-90FF531DF755): 1
LogDevObjectVersion:   Private-Geometry (6EACA3D4-40EC-4CC1-B786-8BED09428FC5): 3
LogDevObjectVersion:   Dev-AnimPhys (29E575DD-E0A3-4627-9D10-D276232CDCEA): 17
LogDevObjectVersion:   Dev-Anim (AF43A65D-7FD3-4947-9873-3E8ED9C1BB05): 2
LogDevObjectVersion:   Dev-ReflectionCapture (6B266CEC-1EC7-4B8F-A30B-E4D90942FC07): 1
LogDevObjectVersion:   Dev-Automation (0DF73D61-A23F-47EA-B727-89E90C41499A): 1
LogDevObjectVersion:   FortniteMain (601D1886-AC64-4F84-AA16-D3DE0DEAC7D6): 25
LogDevObjectVersion:   Dev-Enterprise (9DFFBCD6-494F-0158-E221-12823C92A888): 6
LogDevObjectVersion:   Dev-Niagara (F2AED0AC-9AFE-416F-8664-AA7FFA26D6FC): 1
LogDevObjectVersion:   Dev-Destruction (174F1F0B-B4C6-45A5-B13F-2EE8D0FB917D): 2
LogInit: Presizing for max 16777216 objects, including 0 objects not considered by GC, pre-allocating 0 bytes for permanent pool.
LogInit: Object subsystem initialized
LogConfig: Setting CVar [[con.DebugEarlyDefault:1]]
LogConfig: Setting CVar [[r.setres:1280x720]]
[2020.01.29-12.29.29:683][  0]LogConfig: Setting CVar [[r.VSync:0]]
[2020.01.29-12.29.29:683][  0]LogConfig: Setting CVar [[r.RHICmdBypass:0]]
[2020.01.29-12.29.29:683][  0]LogConfig: Applying CVar settings from Section [/Script/Engine.RendererSettings] File [M:/Year 2/Sem 2/DES203/Game Project/New folder/SuperAwesomeGame/SuperAwesomeGame/Saved/Config/Windows/Engine.ini]
[2020.01.29-12.29.29:683][  0]LogConfig: Setting CVar [[r.GPUCrashDebugging:0]]
[2020.01.29-12.29.29:683][  0]LogConfig: Applying CVar settings from Section [/Script/Engine.RendererOverrideSettings] File [M:/Year 2/Sem 2/DES203/Game Project/New folder/SuperAwesomeGame/SuperAwesomeGame/Saved/Config/Windows/Engine.ini]
[2020.01.29-12.29.29:683][  0]LogConfig: Applying CVar settings from Section [/Script/Engine.StreamingSettings] File [M:/Year 2/Sem 2/DES203/Game Project/New folder/SuperAwesomeGame/SuperAwesomeGame/Saved/Config/Windows/Engine.ini]
[2020.01.29-12.29.29:683][  0]LogConfig: Setting CVar [[s.MinBulkDataSizeForAsyncLoading:131072]]
[2020.01.29-12.29.29:683][  0]LogConfig: Setting CVar [[s.AsyncLoadingThreadEnabled:0]]
[2020.01.29-12.29.29:683][  0]LogConfig: Setting CVar [[s.EventDrivenLoaderEnabled:1]]
[2020.01.29-12.29.29:684][  0]LogConfig: Setting CVar [[s.WarnIfTimeLimitExceeded:0]]
[2020.01.29-12.29.29:684][  0]LogConfig: Setting CVar [[s.TimeLimitExceededMultiplier:1.5]]
[2020.01.29-12.29.29:684][  0]LogConfig: Setting CVar [[s.TimeLimitExceededMinTime:0.005]]
[2020.01.29-12.29.29:684][  0]LogConfig: Setting CVar [[s.UseBackgroundLevelStreaming:1]]
[2020.01.29-12.29.29:684][  0]LogConfig: Setting CVar [[s.PriorityAsyncLoadingExtraTime:15.0]]
[2020.01.29-12.29.29:684][  0]LogConfig: Setting CVar [[s.LevelStreamingActorsUpdateTimeLimit:5.0]]
[2020.01.29-12.29.29:684][  0]LogConfig: Setting CVar [[s.PriorityLevelStreamingActorsUpdateExtraTime:5.0]]
[2020.01.29-12.29.29:684][  0]LogConfig: Setting CVar [[s.LevelStreamingComponentsRegistrationGranularity:10]]
[2020.01.29-12.29.29:684][  0]LogConfig: Setting CVar [[s.UnregisterComponentsTimeLimit:1.0]]
[2020.01.29-12.29.29:684][  0]LogConfig: Setting CVar [[s.LevelStreamingComponentsUnregistrationGranularity:5]]
[2020.01.29-12.29.29:684][  0]LogConfig: Applying CVar settings from Section [/Script/Engine.GarbageCollectionSettings] File [M:/Year 2/Sem 2/DES203/Game Project/New folder/SuperAwesomeGame/SuperAwesomeGame/Saved/Config/Windows/Engine.ini]
[2020.01.29-12.29.29:684][  0]LogConfig: Setting CVar [[gc.MaxObjectsNotConsideredByGC:1]]
[2020.01.29-12.29.29:684][  0]LogConfig: Setting CVar [[gc.SizeOfPermanentObjectPool:0]]
[2020.01.29-12.29.29:684][  0]LogConfig: Setting CVar [[gc.FlushStreamingOnGC:0]]
[2020.01.29-12.29.29:684][  0]LogConfig: Setting CVar [[gc.NumRetriesBeforeForcingGC:10]]
[2020.01.29-12.29.29:684][  0]LogConfig: Setting CVar [[gc.AllowParallelGC:1]]
[2020.01.29-12.29.29:684][  0]LogConfig: Setting CVar [[gc.TimeBetweenPurgingPendingKillObjects:61.1]]
[2020.01.29-12.29.29:684][  0]LogConfig: Setting CVar [[gc.MaxObjectsInEditor:16777216]]
[2020.01.29-12.29.29:684][  0]LogConfig: Setting CVar [[gc.IncrementalBeginDestroyEnabled:1]]
[2020.01.29-12.29.29:684][  0]LogConfig: Setting CVar [[gc.CreateGCClusters:1]]
[2020.01.29-12.29.29:684][  0]LogConfig: Setting CVar [[gc.MinGCClusterSize:5]]
[2020.01.29-12.29.29:684][  0]LogConfig: Setting CVar [[gc.ActorClusteringEnabled:0]]
[2020.01.29-12.29.29:684][  0]LogConfig: Setting CVar [[gc.BlueprintClusteringEnabled:0]]
[2020.01.29-12.29.29:684][  0]LogConfig: Setting CVar [[gc.UseDisregardForGCOnDedicatedServers:0]]
[2020.01.29-12.29.29:684][  0]LogConfig: Applying CVar settings from Section [/Script/Engine.NetworkSettings] File [M:/Year 2/Sem 2/DES203/Game Project/New folder/SuperAwesomeGame/SuperAwesomeGame/Saved/Config/Windows/Engine.ini]
[2020.01.29-12.29.29:684][  0]LogConfig: Applying CVar settings from Section [/Script/UnrealEd.CookerSettings] File [M:/Year 2/Sem 2/DES203/Game Project/New folder/SuperAwesomeGame/SuperAwesomeGame/Saved/Config/Windows/Engine.ini]
[2020.01.29-12.29.29:697][  0]LogConfig: Applying CVar settings from Section [ViewDistanceQuality@3] File [M:/Year 2/Sem 2/DES203/Game Project/New folder/SuperAwesomeGame/SuperAwesomeGame/Saved/Config/Windows/Scalability.ini]
[2020.01.29-12.29.29:697][  0]LogConfig: Setting CVar [[r.SkeletalMeshLODBias:0]]
[2020.01.29-12.29.29:697][  0]LogConfig: Setting CVar [[r.ViewDistanceScale:1.0]]
[2020.01.29-12.29.29:697][  0]LogConfig: Applying CVar settings from Section [AntiAliasingQuality@3] File [M:/Year 2/Sem 2/DES203/Game Project/New folder/SuperAwesomeGame/SuperAwesomeGame/Saved/Config/Windows/Scalability.ini]
[2020.01.29-12.29.29:697][  0]LogConfig: Setting CVar [[r.PostProcessAAQuality:4]]
[2020.01.29-12.29.29:697][  0]LogConfig: Applying CVar settings from Section [ShadowQuality@3] File [M:/Year 2/Sem 2/DES203/Game Project/New folder/SuperAwesomeGame/SuperAwesomeGame/Saved/Config/Windows/Scalability.ini]
[2020.01.29-12.29.29:697][  0]LogConfig: Setting CVar [[r.LightFunctionQuality:1]]
[2020.01.29-12.29.29:697][  0]LogConfig: Setting CVar [[r.ShadowQuality:5]]
[2020.01.29-12.29.29:697][  0]LogConfig: Setting CVar [[r.Shadow.CSM.MaxCascades:10]]
[2020.01.29-12.29.29:697][  0]LogConfig: Setting CVar [[r.Shadow.MaxResolution:2048]]
[2020.01.29-12.29.29:697][  0]LogConfig: Setting CVar [[r.Shadow.MaxCSMResolution:2048]]
[2020.01.29-12.29.29:697][  0]LogConfig: Setting CVar [[r.Shadow.RadiusThreshold:0.01]]
[2020.01.29-12.29.29:697][  0]LogConfig: Setting CVar [[r.Shadow.DistanceScale:1.0]]
[2020.01.29-12.29.29:697][  0]LogConfig: Setting CVar [[r.Shadow.CSM.TransitionScale:1.0]]
[2020.01.29-12.29.29:697][  0]LogConfig: Setting CVar [[r.Shadow.PreShadowResolutionFactor:1.0]]
[2020.01.29-12.29.29:697][  0]LogConfig: Setting CVar [[r.DistanceFieldShadowing:1]]
[2020.01.29-12.29.29:697][  0]LogConfig: Setting CVar [[r.DistanceFieldAO:1]]
[2020.01.29-12.29.29:697][  0]LogConfig: Setting CVar [[r.AOQuality:2]]
[2020.01.29-12.29.29:697][  0]LogConfig: Setting CVar [[r.VolumetricFog:1]]
[2020.01.29-12.29.29:697][  0]LogConfig: Setting CVar [[r.VolumetricFog.GridPixelSize:8]]
[2020.01.29-12.29.29:697][  0]LogConfig: Setting CVar [[r.VolumetricFog.GridSizeZ:128]]
[2020.01.29-12.29.29:697][  0]LogConfig: Setting CVar [[r.VolumetricFog.HistoryMissSupersampleCount:4]]
[2020.01.29-12.29.29:697][  0]LogConfig: Setting CVar [[r.LightMaxDrawDistanceScale:1]]
[2020.01.29-12.29.29:697][  0]LogConfig: Setting CVar [[r.CapsuleShadows:1]]
[2020.01.29-12.29.29:697][  0]LogConfig: Applying CVar settings from Section [PostProcessQuality@3] File [M:/Year 2/Sem 2/DES203/Game Project/New folder/SuperAwesomeGame/SuperAwesomeGame/Saved/Config/Windows/Scalability.ini]
[2020.01.29-12.29.29:697][  0]LogConfig: Setting CVar [[r.MotionBlurQuality:4]]
[2020.01.29-12.29.29:697][  0]LogConfig: Setting CVar [[r.AmbientOcclusionMipLevelFactor:0.4]]
[2020.01.29-12.29.29:697][  0]LogConfig: Setting CVar [[r.AmbientOcclusionMaxQuality:100]]
[2020.01.29-12.29.29:697][  0]LogConfig: Setting CVar [[r.AmbientOcclusionLevels:-1]]
[2020.01.29-12.29.29:697][  0]LogConfig: Setting CVar [[r.AmbientOcclusionRadiusScale:1.0]]
[2020.01.29-12.29.29:697][  0]LogConfig: Setting CVar [[r.DepthOfFieldQuality:2]]
[2020.01.29-12.29.29:697][  0]LogConfig: Setting CVar [[r.RenderTargetPoolMin:400]]
[2020.01.29-12.29.29:698][  0]LogConfig: Setting CVar [[r.LensFlareQuality:2]]
[2020.01.29-12.29.29:698][  0]LogConfig: Setting CVar [[r.SceneColorFringeQuality:1]]
[2020.01.29-12.29.29:698][  0]LogConfig: Setting CVar [[r.EyeAdaptationQuality:2]]
[2020.01.29-12.29.29:698][  0]LogConfig: Setting CVar [[r.BloomQuality:5]]
[2020.01.29-12.29.29:698][  0]LogConfig: Setting CVar [[r.FastBlurThreshold:100]]
[2020.01.29-12.29.29:698][  0]LogConfig: Setting CVar [[r.Upscale.Quality:3]]
[2020.01.29-12.29.29:698][  0]LogConfig: Setting CVar [[r.Tonemapper.GrainQuantization:1]]
[2020.01.29-12.29.29:698][  0]LogConfig: Setting CVar [[r.LightShaftQuality:1]]
[2020.01.29-12.29.29:698][  0]LogConfig: Setting CVar [[r.Filter.SizeScale:1]]
[2020.01.29-12.29.29:698][  0]LogConfig: Setting CVar [[r.Tonemapper.Quality:5]]
[2020.01.29-12.29.29:698][  0]LogConfig: Setting CVar [[r.DOF.Gather.AccumulatorQuality:1        ; higher gathering accumulator quality]]
[2020.01.29-12.29.29:698][  0]LogConfig: Setting CVar [[r.DOF.Gather.PostfilterMethod:1          ; Median3x3 postfilering method]]
[2020.01.29-12.29.29:698][  0]LogConfig: Setting CVar [[r.DOF.Gather.EnableBokehSettings:0       ; no bokeh simulation when gathering]]
[2020.01.29-12.29.29:698][  0]LogConfig: Setting CVar [[r.DOF.Gather.RingCount:4                 ; medium number of samples when gathering]]
[2020.01.29-12.29.29:698][  0]LogConfig: Setting CVar [[r.DOF.Scatter.ForegroundCompositing:1    ; additive foreground scattering]]
[2020.01.29-12.29.29:698][  0]LogConfig: Setting CVar [[r.DOF.Scatter.BackgroundCompositing:2    ; additive background scattering]]
[2020.01.29-12.29.29:698][  0]LogConfig: Setting CVar [[r.DOF.Scatter.EnableBokehSettings:1      ; bokeh simulation when scattering]]
[2020.01.29-12.29.29:698][  0]LogConfig: Setting CVar [[r.DOF.Scatter.MaxSpriteRatio:0.1         ; only a maximum of 10% of scattered bokeh]]
[2020.01.29-12.29.29:698][  0]LogConfig: Setting CVar [[r.DOF.Recombine.Quality:1                ; cheap slight out of focus]]
[2020.01.29-12.29.29:698][  0]LogConfig: Setting CVar [[r.DOF.Recombine.EnableBokehSettings:0    ; no bokeh simulation on slight out of focus]]
[2020.01.29-12.29.29:698][  0]LogConfig: Setting CVar [[r.DOF.TemporalAAQuality:1                ; more stable temporal accumulation]]
[2020.01.29-12.29.29:698][  0]LogConfig: Setting CVar [[r.DOF.Kernel.MaxForegroundRadius:0.025]]
[2020.01.29-12.29.29:698][  0]LogConfig: Setting CVar [[r.DOF.Kernel.MaxBackgroundRadius:0.025]]
[2020.01.29-12.29.29:698][  0]LogConfig: Applying CVar settings from Section [TextureQuality@3] File [M:/Year 2/Sem 2/DES203/Game Project/New folder/SuperAwesomeGame/SuperAwesomeGame/Saved/Config/Windows/Scalability.ini]
[2020.01.29-12.29.29:698][  0]LogConfig: Setting CVar [[r.Streaming.MipBias:0]]
[2020.01.29-12.29.29:698][  0]LogConfig: Setting CVar [[r.Streaming.AmortizeCPUToGPUCopy:0]]
[2020.01.29-12.29.29:698][  0]LogConfig: Setting CVar [[r.Streaming.MaxNumTexturesToStreamPerFrame:0]]
[2020.01.29-12.29.29:698][  0]LogConfig: Setting CVar [[r.Streaming.Boost:1]]
[2020.01.29-12.29.29:698][  0]LogConfig: Setting CVar [[r.MaxAnisotropy:8]]
[2020.01.29-12.29.29:698][  0]LogConfig: Setting CVar [[r.Streaming.LimitPoolSizeToVRAM:0]]
[2020.01.29-12.29.29:698][  0]LogConfig: Setting CVar [[r.Streaming.PoolSize:1000]]
[2020.01.29-12.29.29:698][  0]LogConfig: Setting CVar [[r.Streaming.MaxEffectiveScreenSize:0]]
[2020.01.29-12.29.29:698][  0]LogConfig: Applying CVar settings from Section [EffectsQuality@3] File [M:/Year 2/Sem 2/DES203/Game Project/New folder/SuperAwesomeGame/SuperAwesomeGame/Saved/Config/Windows/Scalability.ini]
[2020.01.29-12.29.29:698][  0]LogConfig: Setting CVar [[r.TranslucencyLightingVolumeDim:64]]
[2020.01.29-12.29.29:698][  0]LogConfig: Setting CVar [[r.RefractionQuality:2]]
[2020.01.29-12.29.29:698][  0]LogConfig: Setting CVar [[r.SSR.Quality:3]]
[2020.01.29-12.29.29:698][  0]LogConfig: Setting CVar [[r.SceneColorFormat:4]]
[2020.01.29-12.29.29:698][  0]LogConfig: Setting CVar [[r.DetailMode:2]]
[2020.01.29-12.29.29:698][  0]LogConfig: Setting CVar [[r.TranslucencyVolumeBlur:1]]
[2020.01.29-12.29.29:698][  0]LogConfig: Setting CVar [[r.MaterialQualityLevel:1 ; High quality]]
[2020.01.29-12.29.29:698][  0]LogConfig: Setting CVar [[r.SSS.Scale:1]]
[2020.01.29-12.29.29:698][  0]LogConfig: Setting CVar [[r.SSS.SampleSet:2]]
[2020.01.29-12.29.29:698][  0]LogConfig: Setting CVar [[r.SSS.Quality:1]]
[2020.01.29-12.29.29:698][  0]LogConfig: Setting CVar [[r.SSS.HalfRes:1]]
[2020.01.29-12.29.29:698][  0]LogConfig: Setting CVar [[r.EmitterSpawnRateScale:1.0]]
[2020.01.29-12.29.29:698][  0]LogConfig: Setting CVar [[r.ParticleLightQuality:2]]
[2020.01.29-12.29.29:698][  0]LogConfig: Applying CVar settings from Section [FoliageQuality@3] File [M:/Year 2/Sem 2/DES203/Game Project/New folder/SuperAwesomeGame/SuperAwesomeGame/Saved/Config/Windows/Scalability.ini]
[2020.01.29-12.29.29:698][  0]LogConfig: Setting CVar [[foliage.DensityScale:1.0]]
[2020.01.29-12.29.29:698][  0]LogConfig: Setting CVar [[grass.DensityScale:1.0]]
[2020.01.29-12.29.29:698][  0]LogInit: Selected Device Profile: [Windows]
[2020.01.29-12.29.29:699][  0]LogInit: Applying CVar settings loaded from the selected device profile: [Windows]
[2020.01.29-12.29.29:728][  0]LogHAL: Display: Platform has ~ 32 GB [34233081856 / 34359738368 / 32], which maps to Largest [LargestMinGB=32, LargerMinGB=12, DefaultMinGB=8, SmallerMinGB=6, SmallestMinGB=0)
[2020.01.29-12.29.29:728][  0]LogConfig: Setting CVar [[r.Vulkan.UseRealUBs:0		; Required until we fix HLR fall-out]]
[2020.01.29-12.29.29:728][  0]LogInit: Going up to parent DeviceProfile []
[2020.01.29-12.29.29:729][  0]LogConfig: Applying CVar settings from Section [ViewDistanceQuality@3] File [M:/Year 2/Sem 2/DES203/Game Project/New folder/SuperAwesomeGame/SuperAwesomeGame/Saved/Config/Windows/Scalability.ini]
[2020.01.29-12.29.29:729][  0]LogConfig: Setting CVar [[r.SkeletalMeshLODBias:0]]
[2020.01.29-12.29.29:729][  0]LogConfig: Setting CVar [[r.ViewDistanceScale:1.0]]
[2020.01.29-12.29.29:729][  0]LogConfig: Applying CVar settings from Section [AntiAliasingQuality@3] File [M:/Year 2/Sem 2/DES203/Game Project/New folder/SuperAwesomeGame/SuperAwesomeGame/Saved/Config/Windows/Scalability.ini]
[2020.01.29-12.29.29:729][  0]LogConfig: Setting CVar [[r.PostProcessAAQuality:4]]
[2020.01.29-12.29.29:729][  0]LogConfig: Applying CVar settings from Section [ShadowQuality@3] File [M:/Year 2/Sem 2/DES203/Game Project/New folder/SuperAwesomeGame/SuperAwesomeGame/Saved/Config/Windows/Scalability.ini]
[2020.01.29-12.29.29:729][  0]LogConfig: Setting CVar [[r.LightFunctionQuality:1]]
[2020.01.29-12.29.29:729][  0]LogConfig: Setting CVar [[r.ShadowQuality:5]]
[2020.01.29-12.29.29:729][  0]LogConfig: Setting CVar [[r.Shadow.CSM.MaxCascades:10]]
[2020.01.29-12.29.29:729][  0]LogConfig: Setting CVar [[r.Shadow.MaxResolution:2048]]
[2020.01.29-12.29.29:729][  0]LogConfig: Setting CVar [[r.Shadow.MaxCSMResolution:2048]]
[2020.01.29-12.29.29:729][  0]LogConfig: Setting CVar [[r.Shadow.RadiusThreshold:0.01]]
[2020.01.29-12.29.29:729][  0]LogConfig: Setting CVar [[r.Shadow.DistanceScale:1.0]]
[2020.01.29-12.29.29:729][  0]LogConfig: Setting CVar [[r.Shadow.CSM.TransitionScale:1.0]]
[2020.01.29-12.29.29:729][  0]LogConfig: Setting CVar [[r.Shadow.PreShadowResolutionFactor:1.0]]
[2020.01.29-12.29.29:729][  0]LogConfig: Setting CVar [[r.DistanceFieldShadowing:1]]
[2020.01.29-12.29.29:729][  0]LogConfig: Setting CVar [[r.DistanceFieldAO:1]]
[2020.01.29-12.29.29:729][  0]LogConfig: Setting CVar [[r.AOQuality:2]]
[2020.01.29-12.29.29:730][  0]LogConfig: Setting CVar [[r.VolumetricFog:1]]
[2020.01.29-12.29.29:730][  0]LogConfig: Setting CVar [[r.VolumetricFog.GridPixelSize:8]]
[2020.01.29-12.29.29:730][  0]LogConfig: Setting CVar [[r.VolumetricFog.GridSizeZ:128]]
[2020.01.29-12.29.29:730][  0]LogConfig: Setting CVar [[r.VolumetricFog.HistoryMissSupersampleCount:4]]
[2020.01.29-12.29.29:730][  0]LogConfig: Setting CVar [[r.LightMaxDrawDistanceScale:1]]
[2020.01.29-12.29.29:730][  0]LogConfig: Setting CVar [[r.CapsuleShadows:1]]
[2020.01.29-12.29.29:730][  0]LogConfig: Applying CVar settings from Section [PostProcessQuality@3] File [M:/Year 2/Sem 2/DES203/Game Project/New folder/SuperAwesomeGame/SuperAwesomeGame/Saved/Config/Windows/Scalability.ini]
[2020.01.29-12.29.29:730][  0]LogConfig: Setting CVar [[r.MotionBlurQuality:4]]
[2020.01.29-12.29.29:730][  0]LogConfig: Setting CVar [[r.AmbientOcclusionMipLevelFactor:0.4]]
[2020.01.29-12.29.29:730][  0]LogConfig: Setting CVar [[r.AmbientOcclusionMaxQuality:100]]
[2020.01.29-12.29.29:730][  0]LogConfig: Setting CVar [[r.AmbientOcclusionLevels:-1]]
[2020.01.29-12.29.29:730][  0]LogConfig: Setting CVar [[r.AmbientOcclusionRadiusScale:1.0]]
[2020.01.29-12.29.29:730][  0]LogConfig: Setting CVar [[r.DepthOfFieldQuality:2]]
[2020.01.29-12.29.29:730][  0]LogConfig: Setting CVar [[r.RenderTargetPoolMin:400]]
[2020.01.29-12.29.29:730][  0]LogConfig: Setting CVar [[r.LensFlareQuality:2]]
[2020.01.29-12.29.29:730][  0]LogConfig: Setting CVar [[r.SceneColorFringeQuality:1]]
[2020.01.29-12.29.29:730][  0]LogConfig: Setting CVar [[r.EyeAdaptationQuality:2]]
[2020.01.29-12.29.29:730][  0]LogConfig: Setting CVar [[r.BloomQuality:5]]
[2020.01.29-12.29.29:730][  0]LogConfig: Setting CVar [[r.FastBlurThreshold:100]]
[2020.01.29-12.29.29:731][  0]LogConfig: Setting CVar [[r.Upscale.Quality:3]]
[2020.01.29-12.29.29:731][  0]LogConfig: Setting CVar [[r.Tonemapper.GrainQuantization:1]]
[2020.01.29-12.29.29:731][  0]LogConfig: Setting CVar [[r.LightShaftQuality:1]]
[2020.01.29-12.29.29:731][  0]LogConfig: Setting CVar [[r.Filter.SizeScale:1]]
[2020.01.29-12.29.29:731][  0]LogConfig: Setting CVar [[r.Tonemapper.Quality:5]]
[2020.01.29-12.29.29:731][  0]LogConfig: Setting CVar [[r.DOF.Gather.AccumulatorQuality:1        ; higher gathering accumulator quality]]
[2020.01.29-12.29.29:731][  0]LogConfig: Setting CVar [[r.DOF.Gather.PostfilterMethod:1          ; Median3x3 postfilering method]]
[2020.01.29-12.29.29:731][  0]LogConfig: Setting CVar [[r.DOF.Gather.EnableBokehSettings:0       ; no bokeh simulation when gathering]]
[2020.01.29-12.29.29:731][  0]LogConfig: Setting CVar [[r.DOF.Gather.RingCount:4                 ; medium number of samples when gathering]]
[2020.01.29-12.29.29:731][  0]LogConfig: Setting CVar [[r.DOF.Scatter.ForegroundCompositing:1    ; additive foreground scattering]]
[2020.01.29-12.29.29:731][  0]LogConfig: Setting CVar [[r.DOF.Scatter.BackgroundCompositing:2    ; additive background scattering]]
[2020.01.29-12.29.29:731][  0]LogConfig: Setting CVar [[r.DOF.Scatter.EnableBokehSettings:1      ; bokeh simulation when scattering]]
[2020.01.29-12.29.29:731][  0]LogConfig: Setting CVar [[r.DOF.Scatter.MaxSpriteRatio:0.1         ; only a maximum of 10% of scattered bokeh]]
[2020.01.29-12.29.29:731][  0]LogConfig: Setting CVar [[r.DOF.Recombine.Quality:1                ; cheap slight out of focus]]
[2020.01.29-12.29.29:731][  0]LogConfig: Setting CVar [[r.DOF.Recombine.EnableBokehSettings:0    ; no bokeh simulation on slight out of focus]]
[2020.01.29-12.29.29:731][  0]LogConfig: Setting CVar [[r.DOF.TemporalAAQuality:1                ; more stable temporal accumulation]]
[2020.01.29-12.29.29:731][  0]LogConfig: Setting CVar [[r.DOF.Kernel.MaxForegroundRadius:0.025]]
[2020.01.29-12.29.29:731][  0]LogConfig: Setting CVar [[r.DOF.Kernel.MaxBackgroundRadius:0.025]]
[2020.01.29-12.29.29:731][  0]LogConfig: Applying CVar settings from Section [TextureQuality@3] File [M:/Year 2/Sem 2/DES203/Game Project/New folder/SuperAwesomeGame/SuperAwesomeGame/Saved/Config/Windows/Scalability.ini]
[2020.01.29-12.29.29:731][  0]LogConfig: Setting CVar [[r.Streaming.MipBias:0]]
[2020.01.29-12.29.29:732][  0]LogConfig: Setting CVar [[r.Streaming.AmortizeCPUToGPUCopy:0]]
[2020.01.29-12.29.29:732][  0]LogConfig: Setting CVar [[r.Streaming.MaxNumTexturesToStreamPerFrame:0]]
[2020.01.29-12.29.29:732][  0]LogConfig: Setting CVar [[r.Streaming.Boost:1]]
[2020.01.29-12.29.29:732][  0]LogConfig: Setting CVar [[r.MaxAnisotropy:8]]
[2020.01.29-12.29.29:732][  0]LogConfig: Setting CVar [[r.Streaming.LimitPoolSizeToVRAM:0]]
[2020.01.29-12.29.29:732][  0]LogConfig: Setting CVar [[r.Streaming.PoolSize:1000]]
[2020.01.29-12.29.29:732][  0]LogConfig: Setting CVar [[r.Streaming.MaxEffectiveScreenSize:0]]
[2020.01.29-12.29.29:732][  0]LogConfig: Applying CVar settings from Section [EffectsQuality@3] File [M:/Year 2/Sem 2/DES203/Game Project/New folder/SuperAwesomeGame/SuperAwesomeGame/Saved/Config/Windows/Scalability.ini]
[2020.01.29-12.29.29:732][  0]LogConfig: Setting CVar [[r.TranslucencyLightingVolumeDim:64]]
[2020.01.29-12.29.29:732][  0]LogConfig: Setting CVar [[r.RefractionQuality:2]]
[2020.01.29-12.29.29:732][  0]LogConfig: Setting CVar [[r.SSR.Quality:3]]
[2020.01.29-12.29.29:732][  0]LogConfig: Setting CVar [[r.SceneColorFormat:4]]
[2020.01.29-12.29.29:732][  0]LogConfig: Setting CVar [[r.DetailMode:2]]
[2020.01.29-12.29.29:732][  0]LogConfig: Setting CVar [[r.TranslucencyVolumeBlur:1]]
[2020.01.29-12.29.29:732][  0]LogConfig: Setting CVar [[r.MaterialQualityLevel:1 ; High quality]]
[2020.01.29-12.29.29:732][  0]LogConfig: Setting CVar [[r.SSS.Scale:1]]
[2020.01.29-12.29.29:732][  0]LogConfig: Setting CVar [[r.SSS.SampleSet:2]]
[2020.01.29-12.29.29:732][  0]LogConfig: Setting CVar [[r.SSS.Quality:1]]
[2020.01.29-12.29.29:732][  0]LogConfig: Setting CVar [[r.SSS.HalfRes:1]]
[2020.01.29-12.29.29:732][  0]LogConfig: Setting CVar [[r.EmitterSpawnRateScale:1.0]]
[2020.01.29-12.29.29:733][  0]LogConfig: Setting CVar [[r.ParticleLightQuality:2]]
[2020.01.29-12.29.29:733][  0]LogConfig: Applying CVar settings from Section [FoliageQuality@3] File [M:/Year 2/Sem 2/DES203/Game Project/New folder/SuperAwesomeGame/SuperAwesomeGame/Saved/Config/Windows/Scalability.ini]
[2020.01.29-12.29.29:733][  0]LogConfig: Setting CVar [[foliage.DensityScale:1.0]]
[2020.01.29-12.29.29:733][  0]LogConfig: Setting CVar [[grass.DensityScale:1.0]]
[2020.01.29-12.29.29:733][  0]LogConfig: Applying CVar settings from Section [Startup] File [../../../Engine/Config/ConsoleVariables.ini]
[2020.01.29-12.29.29:734][  0]LogConfig: Setting CVar [[net.UseAdaptiveNetUpdateFrequency:0]]
[2020.01.29-12.29.29:734][  0]LogConfig: Setting CVar [[p.chaos.AllowCreatePhysxBodies:1]]
[2020.01.29-12.29.29:734][  0]LogConfig: Applying CVar settings from Section [ConsoleVariables] File [M:/Year 2/Sem 2/DES203/Game Project/New folder/SuperAwesomeGame/SuperAwesomeGame/Saved/Config/Windows/Engine.ini]
[2020.01.29-12.29.29:734][  0]LogInit: Computer: MC11657
[2020.01.29-12.29.29:734][  0]LogInit: User: 1902158
[2020.01.29-12.29.29:735][  0]LogInit: CPU Page size=4096, Cores=4
[2020.01.29-12.29.29:735][  0]LogInit: High frequency timer resolution =3.328125 MHz
[2020.01.29-12.29.29:735][  0]LogMemory: Memory total: Physical=31.9GB (32GB approx)
[2020.01.29-12.29.29:735][  0]LogMemory: Platform Memory Stats for Windows
[2020.01.29-12.29.29:736][  0]LogMemory: Process Physical Memory: 96.32 MB used, 96.32 MB peak
[2020.01.29-12.29.29:736][  0]LogMemory: Process Virtual Memory: 89.08 MB used, 89.08 MB peak
[2020.01.29-12.29.29:736][  0]LogMemory: Physical Memory: 4140.50 MB used,  28506.71 MB free, 32647.21 MB total
[2020.01.29-12.29.29:736][  0]LogMemory: Virtual Memory: 4654.26 MB used,  134213072.00 MB free, 134217728.00 MB total
[2020.01.29-12.29.29:782][  0]LogInit: Using OS detected language (en-US).
[2020.01.29-12.29.29:783][  0]LogInit: Using OS detected locale (en-GB).
[2020.01.29-12.29.29:784][  0]LogTextLocalizationManager: No specific localization for 'en-US' exists, so the 'en' localization will be used.
[2020.01.29-12.29.29:936][  0]LogInit: Setting process to per monitor DPI aware
[2020.01.29-12.29.29:986][  0]LogSlate: New Slate User Created.  User Index 0, Is Virtual User: 0
[2020.01.29-12.29.29:986][  0]LogSlate: Slate User Registered.  User Index 0, Is Virtual User: 0
[2020.01.29-12.29.30:279][  0]LogHMD: Failed to initialize OpenVR with code 110
[2020.01.29-12.29.30:279][  0]LogD3D11RHI: D3D11 adapters:
[2020.01.29-12.29.30:384][  0]LogD3D11RHI:    0. 'NVIDIA GeForce GTX 1080' (Feature Level 11_0)
[2020.01.29-12.29.30:384][  0]LogD3D11RHI:       8079/0/16323 MB DedicatedVideo/DedicatedSystem/SharedSystem, Outputs:2, VendorId:0x10de
[2020.01.29-12.29.30:398][  0]LogD3D11RHI:    1. 'Intel(R) HD Graphics 530' (Feature Level 11_0)
[2020.01.29-12.29.30:398][  0]LogD3D11RHI:       128/0/16323 MB DedicatedVideo/DedicatedSystem/SharedSystem, Outputs:0, VendorId:0x8086
[2020.01.29-12.29.30:402][  0]LogD3D11RHI:    2. 'Microsoft Basic Render Driver' (Feature Level 11_0)
[2020.01.29-12.29.30:402][  0]LogD3D11RHI:       0/0/16323 MB DedicatedVideo/DedicatedSystem/SharedSystem, Outputs:0, VendorId:0x1414
[2020.01.29-12.29.30:402][  0]LogD3D11RHI: Chosen D3D11 Adapter: 0
[2020.01.29-12.29.30:407][  0]LogD3D11RHI: Creating new Direct3DDevice
[2020.01.29-12.29.30:407][  0]LogD3D11RHI:     GPU DeviceId: 0x1b80 (for the marketing name, search the web for "GPU Device Id")
[2020.01.29-12.29.30:407][  0]LogWindows: EnumDisplayDevices:
[2020.01.29-12.29.30:408][  0]LogWindows:    0. 'NVIDIA GeForce GTX 1080' (P:0 D:1)
[2020.01.29-12.29.30:408][  0]LogWindows:    1. 'NVIDIA GeForce GTX 1080' (P:1 D:1)
[2020.01.29-12.29.30:409][  0]LogWindows:    2. 'NVIDIA GeForce GTX 1080' (P:0 D:0)
[2020.01.29-12.29.30:410][  0]LogWindows:    3. 'NVIDIA GeForce GTX 1080' (P:0 D:0)
[2020.01.29-12.29.30:411][  0]LogWindows:    4. 'Intel(R) HD Graphics 530' (P:0 D:0)
[2020.01.29-12.29.30:411][  0]LogWindows:    5. 'Intel(R) HD Graphics 530' (P:0 D:0)
[2020.01.29-12.29.30:412][  0]LogWindows:    6. 'Intel(R) HD Graphics 530' (P:0 D:0)
[2020.01.29-12.29.30:413][  0]LogWindows: DebugString: PrimaryIsNotTheChoosenAdapter PrimaryIsNotTheChoosenAdapter PrimaryIsNotTheChoosenAdapter FoundDriverCount:4 
[2020.01.29-12.29.30:413][  0]LogD3D11RHI:     Adapter Name: NVIDIA GeForce GTX 1080
[2020.01.29-12.29.30:413][  0]LogD3D11RHI:   Driver Version: 441.66 (internal:26.21.14.4166, unified:441.66)
[2020.01.29-12.29.30:413][  0]LogD3D11RHI:      Driver Date: 12-6-2019
[2020.01.29-12.29.30:413][  0]LogRHI: Texture pool is 5655 MB (70% of 8079 MB)
[2020.01.29-12.29.30:465][  0]LogD3D11RHI: Async texture creation enabled
[2020.01.29-12.29.30:469][  0]LogRendererCore: FGlobalReadBuffer::InitRHI
[2020.01.29-12.29.30:469][  0]LogRendererCore: FGlobalReadBuffer::InitRHI
[2020.01.29-12.29.30:469][  0]LogRendererCore: FGlobalReadBuffer::InitRHI
[2020.01.29-12.29.30:477][  0]LogD3D11RHI: GPU Timing Frequency: 1000.000000 (Debug: 2 1)
[2020.01.29-12.29.30:854][  0]LogTemp: Display: Module 'AllDesktopTargetPlatform' loaded TargetPlatform 'AllDesktop'
[2020.01.29-12.29.30:871][  0]LogTemp: Display: Module 'MacClientTargetPlatform' loaded TargetPlatform 'MacClient'
[2020.01.29-12.29.30:889][  0]LogTemp: Display: Module 'MacNoEditorTargetPlatform' loaded TargetPlatform 'MacNoEditor'
[2020.01.29-12.29.30:907][  0]LogTemp: Display: Module 'MacServerTargetPlatform' loaded TargetPlatform 'MacServer'
[2020.01.29-12.29.30:929][  0]LogTemp: Display: Module 'MacTargetPlatform' loaded TargetPlatform 'Mac'
[2020.01.29-12.29.30:949][  0]LogTemp: Display: Module 'WindowsClientTargetPlatform' loaded TargetPlatform 'WindowsClient'
[2020.01.29-12.29.30:968][  0]LogTemp: Display: Module 'WindowsNoEditorTargetPlatform' loaded TargetPlatform 'WindowsNoEditor'
[2020.01.29-12.29.30:994][  0]LogTemp: Display: Module 'WindowsServerTargetPlatform' loaded TargetPlatform 'WindowsServer'
[2020.01.29-12.29.31:003][  0]LogTemp: Display: Module 'WindowsTargetPlatform' loaded TargetPlatform 'Windows'
[2020.01.29-12.29.31:098][  0]LogTemp: Display: Module 'AndroidTargetPlatform' loaded TargetPlatform 'Android'
[2020.01.29-12.29.31:098][  0]LogTemp: Display: Module 'AndroidTargetPlatform' loaded TargetPlatform 'Android_ASTC'
[2020.01.29-12.29.31:098][  0]LogTemp: Display: Module 'AndroidTargetPlatform' loaded TargetPlatform 'Android_ATC'
[2020.01.29-12.29.31:098][  0]LogTemp: Display: Module 'AndroidTargetPlatform' loaded TargetPlatform 'Android_DXT'
[2020.01.29-12.29.31:098][  0]LogTemp: Display: Module 'AndroidTargetPlatform' loaded TargetPlatform 'Android_ETC1'
[2020.01.29-12.29.31:098][  0]LogTemp: Display: Module 'AndroidTargetPlatform' loaded TargetPlatform 'Android_ETC1a'
[2020.01.29-12.29.31:098][  0]LogTemp: Display: Module 'AndroidTargetPlatform' loaded TargetPlatform 'Android_ETC2'
[2020.01.29-12.29.31:098][  0]LogTemp: Display: Module 'AndroidTargetPlatform' loaded TargetPlatform 'Android_PVRTC'
[2020.01.29-12.29.31:098][  0]LogTemp: Display: Module 'AndroidTargetPlatform' loaded TargetPlatform 'AndroidClient'
[2020.01.29-12.29.31:098][  0]LogTemp: Display: Module 'AndroidTargetPlatform' loaded TargetPlatform 'Android_ASTCClient'
[2020.01.29-12.29.31:098][  0]LogTemp: Display: Module 'AndroidTargetPlatform' loaded TargetPlatform 'Android_ATCClient'
[2020.01.29-12.29.31:098][  0]LogTemp: Display: Module 'AndroidTargetPlatform' loaded TargetPlatform 'Android_DXTClient'
[2020.01.29-12.29.31:098][  0]LogTemp: Display: Module 'AndroidTargetPlatform' loaded TargetPlatform 'Android_ETC1Client'
[2020.01.29-12.29.31:098][  0]LogTemp: Display: Module 'AndroidTargetPlatform' loaded TargetPlatform 'Android_ETC1aClient'
[2020.01.29-12.29.31:098][  0]LogTemp: Display: Module 'AndroidTargetPlatform' loaded TargetPlatform 'Android_ETC2Client'
[2020.01.29-12.29.31:098][  0]LogTemp: Display: Module 'AndroidTargetPlatform' loaded TargetPlatform 'Android_PVRTCClient'
[2020.01.29-12.29.31:098][  0]LogTemp: Display: Module 'AndroidTargetPlatform' loaded TargetPlatform 'Android_Multi'
[2020.01.29-12.29.31:098][  0]LogTemp: Display: Module 'AndroidTargetPlatform' loaded TargetPlatform 'Android_MultiClient'
[2020.01.29-12.29.31:101][  0]LogTemp: Display: Module 'HTML5TargetPlatform' loaded TargetPlatform 'HTML5'
[2020.01.29-12.29.31:161][  0]LogTemp: Display: Module 'IOSTargetPlatform' loaded TargetPlatform 'IOSClient'
[2020.01.29-12.29.31:161][  0]LogTemp: Display: Module 'IOSTargetPlatform' loaded TargetPlatform 'IOS'
[2020.01.29-12.29.31:194][  0]LogTemp: Display: Module 'TVOSTargetPlatform' loaded TargetPlatform 'TVOSClient'
[2020.01.29-12.29.31:194][  0]LogTemp: Display: Module 'TVOSTargetPlatform' loaded TargetPlatform 'TVOS'
[2020.01.29-12.29.31:213][  0]LogTemp: Display: Module 'LinuxClientTargetPlatform' loaded TargetPlatform 'LinuxClient'
[2020.01.29-12.29.31:231][  0]LogTemp: Display: Module 'LinuxNoEditorTargetPlatform' loaded TargetPlatform 'LinuxNoEditor'
[2020.01.29-12.29.31:248][  0]LogTemp: Display: Module 'LinuxServerTargetPlatform' loaded TargetPlatform 'LinuxServer'
[2020.01.29-12.29.31:267][  0]LogTemp: Display: Module 'LinuxTargetPlatform' loaded TargetPlatform 'Linux'
[2020.01.29-12.29.31:318][  0]LogTemp: Display: Module 'LuminTargetPlatform' loaded TargetPlatform 'Lumin'
[2020.01.29-12.29.31:318][  0]LogTemp: Display: Module 'LuminTargetPlatform' loaded TargetPlatform 'LuminClient'
[2020.01.29-12.29.31:318][  0]LogTargetPlatformManager: Display: Building Assets For Windows
[2020.01.29-12.29.31:329][  0]LogAudioDebug: Display: Lib vorbis DLL was dynamically loaded.
[2020.01.29-12.29.31:399][  0]LogShaderCompilers: Guid format shader working directory is -32 characters bigger than the processId version (M:/Year 2/Sem 2/DES203/Game Project/New folder/SuperAwesomeGame/SuperAwesomeGame/Intermediate/Shaders/WorkingDirectory/9864/).
[2020.01.29-12.29.31:399][  0]LogShaderCompilers: Cleaned the shader compiler working directory 'C:/Users/1902158/AppData/Local/Temp/UnrealShaderWorkingDir/81DD9794461B757A9D192DB786E2106A/'.
[2020.01.29-12.29.31:402][  0]LogXGEController: Cannot use XGE Controller as Incredibuild is not installed on this machine.
[2020.01.29-12.29.31:402][  0]LogShaderCompilers: Cannot use XGE Shader Compiler as Incredibuild is not installed on this machine.
[2020.01.29-12.29.31:402][  0]LogShaderCompilers: Display: Using Local Shader Compiler.
[2020.01.29-12.29.31:939][  0]LogDerivedDataCache: Display: Max Cache Size: 512 MB
[2020.01.29-12.29.31:987][  0]LogDerivedDataCache: Loaded boot cache 0.05s 73MB C:/Users/1902158/AppData/Local/UnrealEngine/4.22/DerivedDataCache/Boot.ddc.
[2020.01.29-12.29.31:987][  0]LogDerivedDataCache: Display: Loaded Boot cache: C:/Users/1902158/AppData/Local/UnrealEngine/4.22/DerivedDataCache/Boot.ddc
[2020.01.29-12.29.31:989][  0]LogDerivedDataCache: FDerivedDataBackendGraph:  Pak pak cache file M:/Year 2/Sem 2/DES203/Game Project/New folder/SuperAwesomeGame/SuperAwesomeGame/DerivedDataCache/DDC.ddp not found, will not use a pak cache.
[2020.01.29-12.29.31:989][  0]LogDerivedDataCache: Unable to find inner node Pak for hierarchical cache Hierarchy.
[2020.01.29-12.29.31:990][  0]LogDerivedDataCache: FDerivedDataBackendGraph:  CompressedPak pak cache file M:/Year 2/Sem 2/DES203/Game Project/New folder/SuperAwesomeGame/SuperAwesomeGame/DerivedDataCache/Compressed.ddp not found, will not use a pak cache.
[2020.01.29-12.29.31:990][  0]LogDerivedDataCache: Unable to find inner node CompressedPak for hierarchical cache Hierarchy.
[2020.01.29-12.29.32:001][  0]LogDerivedDataCache: Display: Pak cache opened for reading ../../../Engine/DerivedDataCache/Compressed.ddp.
[2020.01.29-12.29.32:001][  0]LogDerivedDataCache: FDerivedDataBackendGraph:  EnterprisePak pak cache file ../../../Enterprise/DerivedDataCache/Compressed.ddp not found, will not use a pak cache.
[2020.01.29-12.29.32:001][  0]LogDerivedDataCache: Unable to find inner node EnterprisePak for hierarchical cache Hierarchy.
[2020.01.29-12.29.32:013][  0]LogDerivedDataCache: Using Local data cache path C:/Users/1902158/AppData/Local/UnrealEngine/Common/DerivedDataCache: Writable
[2020.01.29-12.29.32:013][  0]LogDerivedDataCache: Shared data cache path not found in *engine.ini, will not use an Shared cache.
[2020.01.29-12.29.32:013][  0]LogDerivedDataCache: Unable to find inner node Shared for hierarchical cache Hierarchy.
[2020.01.29-12.29.32:036][  0]LogMaterial: Verifying Global Shaders for PCD3D_SM5
[2020.01.29-12.29.32:037][  0]LogSlate: Using FreeType 2.6.0
[2020.01.29-12.29.32:037][  0]LogSlate: SlateFontServices - WITH_FREETYPE: 1, WITH_HARFBUZZ: 1
[2020.01.29-12.29.32:146][  0]LogAssetRegistry: FAssetRegistry took 0.0352 seconds to start up
[2020.01.29-12.29.32:641][  0]LogInit: Selected Device Profile: [Windows]
[2020.01.29-12.29.32:805][  0]LogMeshReduction: Using QuadricMeshReduction for automatic static mesh reduction
[2020.01.29-12.29.32:805][  0]LogMeshReduction: Using SimplygonMeshReduction for automatic skeletal mesh reduction
[2020.01.29-12.29.32:805][  0]LogMeshReduction: Using ProxyLODMeshReduction for automatic mesh merging
[2020.01.29-12.29.32:805][  0]LogMeshReduction: No distributed automatic mesh merging module available
[2020.01.29-12.29.32:806][  0]LogMeshMerging: No distributed automatic mesh merging module available
[2020.01.29-12.29.32:818][  0]LogNetVersion: SuperAwesomeGame 1.0.0, NetCL: 5660361, EngineNetVer: 10, GameNetVer: 0 (Checksum: 738788276)
[2020.01.29-12.29.33:576][  0]LogPackageLocalizationCache: Processed 10 localized package path(s) for 1 prioritized culture(s) in 0.272139 seconds
[2020.01.29-12.29.33:582][  0]LogUObjectArray: 42205 objects as part of root set at end of initial load.
[2020.01.29-12.29.33:582][  0]LogUObjectAllocator: 7325032 out of 0 bytes used by permanent object pool.
[2020.01.29-12.29.33:582][  0]LogUObjectArray: CloseDisregardForGC: 0/0 objects in disregard for GC pool
[2020.01.29-12.29.34:792][  0]LogTcpMessaging: Initializing TcpMessaging bridge
[2020.01.29-12.29.34:805][  0]LogUdpMessaging: Initializing bridge on interface 0.0.0.0:0 to multicast group 230.0.0.1:6666.
[2020.01.29-12.29.34:806][  0]LogDirectoryWatcher: A directory notification failed for 'M:/Year 2/Sem 2/DES203/Game Project/New folder/SuperAwesomeGame/SuperAwesomeGame/Content/' because it was empty or there was a buffer overflow. Attemping another request...
[2020.01.29-12.29.34:806][  0]LogDirectoryWatcher: A directory notification failed for 'M:/Year 2/Sem 2/DES203/Game Project/New folder/SuperAwesomeGame/SuperAwesomeGame/Content/' because it was empty or there was a buffer overflow. Attemping another request...
[2020.01.29-12.29.34:807][  0]LogDirectoryWatcher: A directory notification failed for 'M:/Year 2/Sem 2/DES203/Game Project/New folder/SuperAwesomeGame/SuperAwesomeGame/Content/' because it was empty or there was a buffer overflow. Attemping another request...
[2020.01.29-12.29.34:807][  0]LogDirectoryWatcher: A directory notification failed for 'M:/Year 2/Sem 2/DES203/Game Project/New folder/SuperAwesomeGame/SuperAwesomeGame/Content/', and we were unable to create a new request.
[2020.01.29-12.29.34:807][  0]LogDirectoryWatcher: A directory notification failed for 'M:/Year 2/Sem 2/DES203/Game Project/New folder/SuperAwesomeGame/SuperAwesomeGame/Content/' because it was empty or there was a buffer overflow. Attemping another request...
[2020.01.29-12.29.34:808][  0]LogDirectoryWatcher: A directory notification failed for 'M:/Year 2/Sem 2/DES203/Game Project/New folder/SuperAwesomeGame/SuperAwesomeGame/Content/', and we were unable to create a new request.
[2020.01.29-12.29.34:950][  0]SourceControl: Source control is disabled
[2020.01.29-12.29.34:950][  0]SourceControl: Source control is disabled
[2020.01.29-12.29.34:952][  0]SourceControl: Source control is disabled
[2020.01.29-12.29.34:954][  0]SourceControl: Source control is disabled
[2020.01.29-12.29.35:171][  0]LogAndroidPermission: UAndroidPermissionCallbackProxy::GetInstance
[2020.01.29-12.29.35:269][  0]LogOcInput: OculusInput pre-init called
[2020.01.29-12.29.36:230][  0]LogEngine: Initializing Engine...
[2020.01.29-12.29.36:231][  0]LogHMD: Failed to initialize OpenVR with code 110
[2020.01.29-12.29.36:234][  0]LogStats: UGameplayTagsManager::InitializeManager -  0.002 s
[2020.01.29-12.29.36:441][  0]LogInit: Initializing FReadOnlyCVARCache
[2020.01.29-12.29.36:470][  0]LogAIModule: Creating AISystem for world Untitled
[2020.01.29-12.29.36:490][  0]LogInit: XAudio2 using 'Speakers (High Definition Audio Device)' : 2 channels at 48 kHz using 16 bits per sample (channel mask 0x3)
[2020.01.29-12.29.36:528][  0]LogInit: FAudioDevice initialized.
[2020.01.29-12.29.36:528][  0]LogNetVersion: Set ProjectVersion to 1.0.0.0. Version Checksum will be recalculated on next use.
[2020.01.29-12.29.36:576][  0]LogDerivedDataCache: Saved boot cache 0.05s 71MB C:/Users/1902158/AppData/Local/UnrealEngine/4.22/DerivedDataCache/Boot.ddc.
[2020.01.29-12.29.36:577][  0]LogInit: Texture streaming: Enabled
[2020.01.29-12.29.36:601][  0]LogEngineSessionManager: EngineSessionManager initialized
[2020.01.29-12.29.36:626][  0]LogInit: Transaction tracking system initialized
[2020.01.29-12.29.36:664][  0]BlueprintLog: New page: Editor Load
[2020.01.29-12.29.36:803][  0]LocalizationService: Localization service is disabled
[2020.01.29-12.29.37:166][  0]LogCook: Display: Max memory allowance for cook 16384mb min free memory 0mb
[2020.01.29-12.29.37:166][  0]LogCook: Display: Mobile HDR setting 1
[2020.01.29-12.29.37:453][  0]SourceControl: Source control is disabled
[2020.01.29-12.29.37:453][  0]Cmd: MAP LOAD FILE="M:/Year 2/Sem 2/DES203/Game Project/New folder/SuperAwesomeGame/SuperAwesomeGame/Content/ThirdPersonBP/Maps/ThirdPersonExampleMap.umap" TEMPLATE=0 SHOWPROGRESS=1 FEATURELEVEL=3
[2020.01.29-12.29.37:456][  0]LightingResults: New page: Lighting Build
[2020.01.29-12.29.37:460][  0]MapCheck: New page: Map Check
[2020.01.29-12.29.37:460][  0]LightingResults: New page: Lighting Build
[2020.01.29-12.29.37:487][  0]LogUObjectHash: Compacting FUObjectHashTables data took   1.40ms
[2020.01.29-12.29.40:042][  0]LogFileCache: Scanning file cache for directory 'M:/Year 2/Sem 2/DES203/Game Project/New folder/SuperAwesomeGame/SuperAwesomeGame/Content/' took 1.40s
[2020.01.29-12.29.40:042][  0]LogTexture: Display: Building textures: T_Targeting_01 (AutoDXT, 256X256)
[2020.01.29-12.29.40:042][  0]LogTexture: Display: Building textures: ThumbnailTexture (DXT1, 512X512)
[2020.01.29-12.29.40:042][  0]LogTexture: Display: Building textures: T_LightCone (AutoDXT, 256X256)
[2020.01.29-12.29.40:042][  0]LogTexture: Display: Building textures: T_Sparks_04_SubUV_1_4 (AutoDXT, 512X512)
[2020.01.29-12.29.40:042][  0]LogTexture: Display: Building textures: FX_Glow_12alpha (AutoDXT, 512X512)
[2020.01.29-12.29.40:042][  0]LogTexture: Display: Building textures: T_starFlare_01 (AutoDXT, 256X256)
[2020.01.29-12.29.40:042][  0]LogTexture: Display: Building textures: T_Resurrection_Phoenix (AutoDXT, 1024X1024)
[2020.01.29-12.29.40:042][  0]LogTexture: Display: Building textures: T_Tile_Noise_Tendril_01 (AutoDXT, 1024X1024)
[2020.01.29-12.29.40:042][  0]LogTexture: Display: Building textures: SpacePirate_specular (AutoDXT, 2048X2048)
[2020.01.29-12.29.40:042][  0]LogTexture: Display: Building textures: SpacePirate_normal (BC5, 2048X2048)
[2020.01.29-12.29.40:042][  0]LogTexture: Display: Building textures: SpacePirate_diffuse (AutoDXT, 2048X2048)
[2020.01.29-12.29.40:042][  0]LogMaterial: Display: Missing cached shader map for material M_Add_Sprite_Pan_Emis_Mask_Master, compiling. 
[2020.01.29-12.29.40:371][  0]LogMaterial: Display: Missing cached shader map for material M_Add_Sprite_Pan_Emis_Mask_Master, compiling. 
[2020.01.29-12.29.40:389][  0]LogMaterial: Display: Missing cached shader map for material M_Add_Sprite_Master_DepthFade, compiling. 
[2020.01.29-12.29.40:411][  0]LogMaterial: Display: Missing cached shader map for material M_Add_Sprite_SubUV_Master, compiling. 
[2020.01.29-12.29.40:432][  0]LogMaterial: Display: Missing cached shader map for material M_Add_Sprite_Master, compiling. 
[2020.01.29-12.29.40:452][  0]LogStaticMesh: Building static mesh SM_Shockwave_01...
[2020.01.29-12.29.40:461][  0]LogStaticMesh: Built static mesh [0.01s] /Game/InfinityBlade/InfinityBladeEffects/Effects/FX_Meshes/Skills/SM_Shockwave_01.SM_Shockwave_01
[2020.01.29-12.29.40:465][  0]LogTexture: Display: Building textures: T_starFlare_02 (AutoDXT, 256X256)
[2020.01.29-12.29.40:507][  0]LogStaticMesh: Building static mesh SM_BlastWave...
[2020.01.29-12.29.40:509][  0]LogStaticMesh: Built static mesh [0.00s] /Game/InfinityBlade/InfinityBladeEffects/Effects/FX_Meshes/Skills/SM_BlastWave.SM_BlastWave
[2020.01.29-12.29.40:520][  0]LogTexture: Display: Building textures: T_Flare_Streaks_02 (AutoDXT, 512X512)
[2020.01.29-12.29.40:738][  0]LogTexture: Display: Building textures: T_SoftFallOff (AutoDXT, 256X256)
[2020.01.29-12.29.40:753][  0]LogTexture: Display: Building textures: T_Black_32 (AutoDXT, 32X32)
[2020.01.29-12.29.40:755][  0]LogMaterial: Display: Missing cached shader map for material M_Trans_Sprite_Master, compiling. 
[2020.01.29-12.29.40:791][  0]LogTexture: Display: Building textures: T_HealHeart_02 (AutoDXT, 512X512)
[2020.01.29-12.29.41:227][  0]LogTexture: Display: Building textures: ThumbnailTexture (DXT1, 512X512)
[2020.01.29-12.29.41:227][  0]LogTexture: Display: Building textures: T_SwipeTrail (AutoDXT, 512X512)
[2020.01.29-12.29.41:227][  0]LogTexture: Display: Building textures: ThumbnailTexture (DXT1, 512X512)
[2020.01.29-12.29.41:227][  0]LogTexture: Display: Building textures: T_BlastWave (AutoDXT, 1024X1024)
[2020.01.29-12.29.41:227][  0]LogMaterial: Display: Missing cached shader map for material M_Targeting_Enemy, compiling. 
[2020.01.29-12.29.42:118][  0]LogMaterial: Display: Missing cached shader map for material SpacePirate_M, compiling. 
[2020.01.29-12.29.42:222][  0]LogSkeletalMesh: Building Skeletal Mesh Eve_by_J__Gonzales...
[2020.01.29-12.29.42:284][  0]LogSkeletalMesh: Built Skeletal Mesh [0.06s] /Game/RPGAssets/Mesh/Eve_by_J__Gonzales.Eve_by_J__Gonzales
[2020.01.29-12.29.42:291][  0]LogAnimationCompression: Building Anim DDC data for AnimSequence /Game/RPGAssets/Animations/Standing_Walk_Right_inPlace.Standing_Walk_Right_inPlace
[2020.01.29-12.29.42:291][  0]LogAnimationCompression: Recompressing (AnimSequence /Game/RPGAssets/Animations/Standing_Walk_Right_inPlace.Standing_Walk_Right_inPlace) using current/default (AnimCompress_BitwiseCompressOnly_0) bFirstRecompressUsingCurrentOrDefault(1) bTryAlternateCompressor(0) IsCompressedDataValid(0)
[2020.01.29-12.29.42:293][  0]LogAnimationCompression: Building Anim DDC data for AnimSequence /Game/RPGAssets/Animations/Standing_Walk_Left_inPlace.Standing_Walk_Left_inPlace
[2020.01.29-12.29.42:293][  0]LogAnimationCompression: Recompressing (AnimSequence /Game/RPGAssets/Animations/Standing_Walk_Left_inPlace.Standing_Walk_Left_inPlace) using current/default (AnimCompress_BitwiseCompressOnly_0) bFirstRecompressUsingCurrentOrDefault(1) bTryAlternateCompressor(0) IsCompressedDataValid(0)
[2020.01.29-12.29.42:294][  0]LogAnimationCompression: Building Anim DDC data for AnimSequence /Game/RPGAssets/Animations/Standing_Walk_Forward_inPlace.Standing_Walk_Forward_inPlace
[2020.01.29-12.29.42:295][  0]LogAnimationCompression: Recompressing (AnimSequence /Game/RPGAssets/Animations/Standing_Walk_Forward_inPlace.Standing_Walk_Forward_inPlace) using current/default (AnimCompress_BitwiseCompressOnly_0) bFirstRecompressUsingCurrentOrDefault(1) bTryAlternateCompressor(0) IsCompressedDataValid(0)
[2020.01.29-12.29.42:296][  0]LogAnimationCompression: Building Anim DDC data for AnimSequence /Game/RPGAssets/Animations/Standing_Walk_Back_inPlace.Standing_Walk_Back_inPlace
[2020.01.29-12.29.42:296][  0]LogAnimationCompression: Recompressing (AnimSequence /Game/RPGAssets/Animations/Standing_Walk_Back_inPlace.Standing_Walk_Back_inPlace) using current/default (AnimCompress_BitwiseCompressOnly_0) bFirstRecompressUsingCurrentOrDefault(1) bTryAlternateCompressor(0) IsCompressedDataValid(0)
[2020.01.29-12.29.42:298][  0]LogAnimationCompression: Building Anim DDC data for AnimSequence /Game/RPGAssets/Animations/Standing_Run_Right_inPlace.Standing_Run_Right_inPlace
[2020.01.29-12.29.42:298][  0]LogAnimationCompression: Recompressing (AnimSequence /Game/RPGAssets/Animations/Standing_Run_Right_inPlace.Standing_Run_Right_inPlace) using current/default (AnimCompress_BitwiseCompressOnly_0) bFirstRecompressUsingCurrentOrDefault(1) bTryAlternateCompressor(0) IsCompressedDataValid(0)
[2020.01.29-12.29.42:299][  0]LogAnimationCompression: Building Anim DDC data for AnimSequence /Game/RPGAssets/Animations/Standing_Run_Left_inPlace.Standing_Run_Left_inPlace
[2020.01.29-12.29.42:299][  0]LogAnimationCompression: Recompressing (AnimSequence /Game/RPGAssets/Animations/Standing_Run_Left_inPlace.Standing_Run_Left_inPlace) using current/default (AnimCompress_BitwiseCompressOnly_0) bFirstRecompressUsingCurrentOrDefault(1) bTryAlternateCompressor(0) IsCompressedDataValid(0)
[2020.01.29-12.29.42:318][  0]LogAnimationCompression: Building Anim DDC data for AnimSequence /Game/RPGAssets/Animations/Standing_Run_Forward_inPlace.Standing_Run_Forward_inPlace
[2020.01.29-12.29.42:318][  0]LogAnimationCompression: Recompressing (AnimSequence /Game/RPGAssets/Animations/Standing_Run_Forward_inPlace.Standing_Run_Forward_inPlace) using current/default (AnimCompress_BitwiseCompressOnly_0) bFirstRecompressUsingCurrentOrDefault(1) bTryAlternateCompressor(0) IsCompressedDataValid(0)
[2020.01.29-12.29.42:319][  0]LogAnimationCompression: Building Anim DDC data for AnimSequence /Game/RPGAssets/Animations/Standing_Run_Back_inPlace.Standing_Run_Back_inPlace
[2020.01.29-12.29.42:319][  0]LogAnimationCompression: Recompressing (AnimSequence /Game/RPGAssets/Animations/Standing_Run_Back_inPlace.Standing_Run_Back_inPlace) using current/default (AnimCompress_BitwiseCompressOnly_0) bFirstRecompressUsingCurrentOrDefault(1) bTryAlternateCompressor(0) IsCompressedDataValid(0)
[2020.01.29-12.29.42:321][  0]LogAnimationCompression: Building Anim DDC data for AnimSequence /Game/RPGAssets/Animations/standing_idle.standing_idle
[2020.01.29-12.29.42:321][  0]LogAnimationCompression: Recompressing (AnimSequence /Game/RPGAssets/Animations/standing_idle.standing_idle) using current/default (AnimCompress_BitwiseCompressOnly_0) bFirstRecompressUsingCurrentOrDefault(1) bTryAlternateCompressor(0) IsCompressedDataValid(0)
[2020.01.29-12.29.42:323][  0]LogAnimationCompression: Building Anim DDC data for AnimSequence /Game/RPGAssets/Animations/standing_1H_cast_spell_01.standing_1H_cast_spell_01
[2020.01.29-12.29.42:323][  0]LogAnimationCompression: Recompressing (AnimSequence /Game/RPGAssets/Animations/standing_1H_cast_spell_01.standing_1H_cast_spell_01) using current/default (AnimCompress_BitwiseCompressOnly_0) bFirstRecompressUsingCurrentOrDefault(1) bTryAlternateCompressor(0) IsCompressedDataValid(0)
[2020.01.29-12.29.42:573][  0]LogStaticMesh: Building static mesh SM_Spiral_Swirl_01...
[2020.01.29-12.29.42:574][  0]LogStaticMesh: Built static mesh [0.00s] /Game/InfinityBlade/InfinityBladeEffects/Effects/FX_Meshes/Skills/SM_Spiral_Swirl_01.SM_Spiral_Swirl_01
[2020.01.29-12.29.42:578][  0]LogMaterial: Display: Missing cached shader map for material M_Add_Sprite_2Sided_Master, compiling. 
[2020.01.29-12.29.42:611][  0]LogAIModule: Creating AISystem for world ThirdPersonExampleMap
[2020.01.29-12.29.42:623][  0]LogEditorServer: Finished looking for orphan Actors (0.000 secs)
[2020.01.29-12.29.42:656][  0]LogUObjectHash: Compacting FUObjectHashTables data took   3.29ms
[2020.01.29-12.29.42:656][  0]Cmd: MAP CHECKDEP NOCLEARLOG
[2020.01.29-12.29.42:656][  0]MapCheck: Map check complete: 0 Error(s), 0 Warning(s), took 0.421ms to complete.
[2020.01.29-12.29.42:656][  0]LogFileHelpers: Loading map 'ThirdPersonExampleMap' took 5.204
[2020.01.29-12.29.42:799][  0]LogSlate: Updating window title bar state: overlay mode, drag disabled, window buttons hidden, title bar hidden
[2020.01.29-12.29.42:810][  0]LogSlate: Updating window title bar state: overlay mode, drag disabled, window buttons hidden, title bar hidden
[2020.01.29-12.29.42:821][  0]LogSlate: Updating window title bar state: overlay mode, drag disabled, window buttons hidden, title bar hidden
[2020.01.29-12.29.42:831][  0]LogSlate: Updating window title bar state: overlay mode, drag disabled, window buttons hidden, title bar hidden
[2020.01.29-12.29.42:843][  0]LogCollectionManager: Loaded 0 collections in 0.004155 seconds
[2020.01.29-12.29.42:884][  0]LogFileCache: Scanning file cache for directory 'M:/Year 2/Sem 2/DES203/Game Project/New folder/SuperAwesomeGame/SuperAwesomeGame/Saved/Collections/' took 0.01s
[2020.01.29-12.29.42:884][  0]LogFileCache: Scanning file cache for directory 'M:/Year 2/Sem 2/DES203/Game Project/New folder/SuperAwesomeGame/SuperAwesomeGame/Content/Developers/1902158/Collections/' took 0.01s
[2020.01.29-12.29.42:884][  0]LogFileCache: Scanning file cache for directory 'M:/Year 2/Sem 2/DES203/Game Project/New folder/SuperAwesomeGame/SuperAwesomeGame/Content/Collections/' took 0.00s
[2020.01.29-12.29.42:884][  0]LogCollectionManager: Rebuilt the GUID cache for 0 collections in 0.000001 seconds
[2020.01.29-12.29.42:897][  0]LogContentBrowser: Native class hierarchy populated in 0.0125 seconds. Added 2732 classes and 659 folders.
[2020.01.29-12.29.42:907][  0]LogContentBrowser: Native class hierarchy updated for 'WidgetCarousel' in 0.0006 seconds. Added 0 classes and 0 folders.
[2020.01.29-12.29.42:911][  0]LogPakFile: Registered encryption key '00000000000000000000000000000000': 0 pak files mounted, 0 remain pending
[2020.01.29-12.29.42:914][  0]LogPakFile: Registered encryption key '00000000000000000000000000000000': 0 pak files mounted, 0 remain pending
[2020.01.29-12.29.42:915][  0]LogPakFile: Registered encryption key '00000000000000000000000000000000': 0 pak files mounted, 0 remain pending
[2020.01.29-12.29.42:917][  0]LogPakFile: Registered encryption key '00000000000000000000000000000000': 0 pak files mounted, 0 remain pending
[2020.01.29-12.29.42:918][  0]LogPakFile: Registered encryption key '00000000000000000000000000000000': 0 pak files mounted, 0 remain pending
[2020.01.29-12.29.42:920][  0]LogPakFile: Registered encryption key '00000000000000000000000000000000': 0 pak files mounted, 0 remain pending
[2020.01.29-12.29.42:922][  0]LogPakFile: Registered encryption key '00000000000000000000000000000000': 0 pak files mounted, 0 remain pending
[2020.01.29-12.29.42:923][  0]LogPakFile: Registered encryption key '00000000000000000000000000000000': 0 pak files mounted, 0 remain pending
[2020.01.29-12.29.42:925][  0]LogPakFile: Registered encryption key '00000000000000000000000000000000': 0 pak files mounted, 0 remain pending
[2020.01.29-12.29.42:926][  0]LogPakFile: Registered encryption key '00000000000000000000000000000000': 0 pak files mounted, 0 remain pending
[2020.01.29-12.29.42:928][  0]LogPakFile: Registered encryption key '00000000000000000000000000000000': 0 pak files mounted, 0 remain pending
[2020.01.29-12.29.42:930][  0]LogPakFile: Registered encryption key '00000000000000000000000000000000': 0 pak files mounted, 0 remain pending
[2020.01.29-12.29.42:931][  0]LogPakFile: Registered encryption key '00000000000000000000000000000000': 0 pak files mounted, 0 remain pending
[2020.01.29-12.29.42:932][  0]LogPakFile: Registered encryption key '00000000000000000000000000000000': 0 pak files mounted, 0 remain pending
[2020.01.29-12.29.42:933][  0]LogPakFile: Registered encryption key '00000000000000000000000000000000': 0 pak files mounted, 0 remain pending
[2020.01.29-12.29.42:934][  0]LogPakFile: Registered encryption key '00000000000000000000000000000000': 0 pak files mounted, 0 remain pending
[2020.01.29-12.29.42:935][  0]LogPakFile: Registered encryption key '00000000000000000000000000000000': 0 pak files mounted, 0 remain pending
[2020.01.29-12.29.42:937][  0]LogPakFile: Registered encryption key '00000000000000000000000000000000': 0 pak files mounted, 0 remain pending
[2020.01.29-12.29.42:938][  0]LogPakFile: Registered encryption key '00000000000000000000000000000000': 0 pak files mounted, 0 remain pending
[2020.01.29-12.29.42:940][  0]LogPakFile: Registered encryption key '00000000000000000000000000000000': 0 pak files mounted, 0 remain pending
[2020.01.29-12.29.42:941][  0]LogPakFile: Registered encryption key '00000000000000000000000000000000': 0 pak files mounted, 0 remain pending
[2020.01.29-12.29.42:943][  0]LogPakFile: Registered encryption key '00000000000000000000000000000000': 0 pak files mounted, 0 remain pending
[2020.01.29-12.29.42:944][  0]LogPakFile: Registered encryption key '00000000000000000000000000000000': 0 pak files mounted, 0 remain pending
[2020.01.29-12.29.42:946][  0]LogPakFile: Registered encryption key '00000000000000000000000000000000': 0 pak files mounted, 0 remain pending
[2020.01.29-12.29.42:947][  0]LogPakFile: Registered encryption key '00000000000000000000000000000000': 0 pak files mounted, 0 remain pending
[2020.01.29-12.29.42:949][  0]LogPakFile: Registered encryption key '00000000000000000000000000000000': 0 pak files mounted, 0 remain pending
[2020.01.29-12.29.43:023][  0]LogContentBrowser: Native class hierarchy updated for 'AddContentDialog' in 0.0004 seconds. Added 0 classes and 0 folders.
[2020.01.29-12.29.43:032][  0]LogContentBrowser: Native class hierarchy updated for 'SceneOutliner' in 0.0005 seconds. Added 1 classes and 2 folders.
[2020.01.29-12.29.43:053][  0]LogSlate: Took 0.000389 seconds to synchronously load lazily loaded font '../../../Engine/Content/Slate/Fonts/Roboto-Regular.ttf' (155K)
[2020.01.29-12.29.43:056][  0]LogSlate: Took 0.000360 seconds to synchronously load lazily loaded font '../../../Engine/Content/Slate/Fonts/Roboto-Bold.ttf' (160K)
[2020.01.29-12.29.43:063][  0]LogSlate: Took 0.000417 seconds to synchronously load lazily loaded font '../../../Engine/Content/Editor/Slate/Fonts/FontAwesome.ttf' (139K)
[2020.01.29-12.29.43:160][  0]LogRenderer: Reallocating scene render targets to support 1208x572 Format 10 NumSamples 1 (Frame:1).
[2020.01.29-12.29.43:353][  0]LogSlate: FSceneViewport::OnFocusLost() reason 2
[2020.01.29-12.29.43:376][  0]LogSlate: Window 'Tutorials' being destroyed
[2020.01.29-12.29.43:412][  0]LogContentBrowser: Native class hierarchy updated for 'HierarchicalLODOutliner' in 0.0005 seconds. Added 0 classes and 0 folders.
[2020.01.29-12.29.43:412][  0]LogLoad: (Engine Initialization) Total time: 17.96 seconds
[2020.01.29-12.29.43:412][  0]LogLoad: (Engine Initialization) Total Blueprint compile time: 0.00 seconds
[2020.01.29-12.29.43:423][  0]LogWindowsTextInputMethodSystem: Display: IME system now deactivated.
[2020.01.29-12.29.43:469][  0]LogDirectoryWatcher: A directory notification failed for 'M:/Year 2/Sem 2/DES203/Game Project/New folder/SuperAwesomeGame/SuperAwesomeGame/Saved/Collections/' because it was empty or there was a buffer overflow. Attemping another request...
[2020.01.29-12.29.43:469][  0]LogDirectoryWatcher: A directory notification failed for 'M:/Year 2/Sem 2/DES203/Game Project/New folder/SuperAwesomeGame/SuperAwesomeGame/Content/Developers/1902158/Collections/' because it was empty or there was a buffer overflow. Attemping another request...
[2020.01.29-12.29.43:469][  0]LogDirectoryWatcher: A directory notification failed for 'M:/Year 2/Sem 2/DES203/Game Project/New folder/SuperAwesomeGame/SuperAwesomeGame/Content/Collections/' because it was empty or there was a buffer overflow. Attemping another request...
[2020.01.29-12.29.43:471][  0]LogContentStreaming: Texture pool size now 1000 MB
[2020.01.29-12.29.43:527][  0]LogSlate: Took 0.000397 seconds to synchronously load lazily loaded font '../../../Engine/Content/Slate/Fonts/Roboto-Light.ttf' (167K)
[2020.01.29-12.29.44:386][  2]LogDirectoryWatcher: A directory notification failed for 'M:/Year 2/Sem 2/DES203/Game Project/New folder/SuperAwesomeGame/SuperAwesomeGame/Saved/Collections/' because it was empty or there was a buffer overflow. Attemping another request...
[2020.01.29-12.29.44:394][  2]LogDirectoryWatcher: A directory notification failed for 'M:/Year 2/Sem 2/DES203/Game Project/New folder/SuperAwesomeGame/SuperAwesomeGame/Saved/Collections/', and we were unable to create a new request.
[2020.01.29-12.29.44:394][  2]LogDirectoryWatcher: A directory notification failed for 'M:/Year 2/Sem 2/DES203/Game Project/New folder/SuperAwesomeGame/SuperAwesomeGame/Content/Developers/1902158/Collections/' because it was empty or there was a buffer overflow. Attemping another request...
[2020.01.29-12.29.44:395][  2]LogDirectoryWatcher: A directory notification failed for 'M:/Year 2/Sem 2/DES203/Game Project/New folder/SuperAwesomeGame/SuperAwesomeGame/Content/Developers/1902158/Collections/', and we were unable to create a new request.
[2020.01.29-12.29.44:395][  2]LogDirectoryWatcher: A directory notification failed for 'M:/Year 2/Sem 2/DES203/Game Project/New folder/SuperAwesomeGame/SuperAwesomeGame/Content/Collections/' because it was empty or there was a buffer overflow. Attemping another request...
[2020.01.29-12.29.44:395][  2]LogDirectoryWatcher: A directory notification failed for 'M:/Year 2/Sem 2/DES203/Game Project/New folder/SuperAwesomeGame/SuperAwesomeGame/Content/Collections/', and we were unable to create a new request.
[2020.01.29-12.29.44:523][  5]LogSlate: Took 0.000438 seconds to synchronously load lazily loaded font '../../../Engine/Content/Slate/Fonts/Roboto-Light.ttf' (167K)
[2020.01.29-12.29.59:779][744]LogAssetRegistry: Asset discovery search completed in 27.6556 seconds
[2020.01.29-12.29.59:783][744]LogCollectionManager: Rebuilt the object cache for 0 collections in 0.000001 seconds (found 0 objects)
[2020.01.29-12.29.59:783][744]LogCollectionManager: Fixed up redirectors for 0 collections in 0.000079 seconds (updated 0 objects)
[2020.01.29-12.36.36:194][242]LogEditorViewport: Clicking on Actor (LMB): HealthPickup_C (HealthPickup)
[2020.01.29-12.36.37:364][378]Cmd: DELETE
[2020.01.29-12.36.37:364][378]Cmd: ACTOR DELETE
[2020.01.29-12.36.37:384][378]LogEditorActor: Deleted Actor: HealthPickup_C
[2020.01.29-12.36.37:414][378]LogUObjectHash: Compacting FUObjectHashTables data took   1.35ms
[2020.01.29-12.36.37:415][378]LogEditorActor: Deleted 1 Actors (0.044 secs)
[2020.01.29-12.36.58:766][939]LogSlate: FSceneViewport::OnFocusLost() reason 0
[2020.01.29-12.36.58:841][948]LogTemp: Repeating last play command: Selected Viewport
[2020.01.29-12.36.58:853][948]LogBlueprintUserMessages: Early PlayInEditor Detection: Level '/Game/ThirdPersonBP/Maps/ThirdPersonExampleMap.ThirdPersonExampleMap:PersistentLevel' has LevelScriptBlueprint '/Game/ThirdPersonBP/Maps/ThirdPersonExampleMap.ThirdPersonExampleMap:PersistentLevel.ThirdPersonExampleMap' with GeneratedClass '/Game/ThirdPersonBP/Maps/ThirdPersonExampleMap.ThirdPersonExampleMap_C' with ClassGeneratedBy '/Game/ThirdPersonBP/Maps/ThirdPersonExampleMap.ThirdPersonExampleMap:PersistentLevel.ThirdPersonExampleMap'
[2020.01.29-12.36.58:853][948]LogPlayLevel: PlayLevel: No blueprints needed recompiling
[2020.01.29-12.36.58:853][948]PIE: New page: PIE session: ThirdPersonExampleMap (29 Jan 2020 12:36:58)
[2020.01.29-12.36.58:867][948]LogPlayLevel: Creating play world package: /Game/ThirdPersonBP/Maps/UEDPIE_0_ThirdPersonExampleMap
[2020.01.29-12.36.58:883][948]LogPlayLevel: PIE: StaticDuplicateObject took: (0.014208s)
[2020.01.29-12.36.58:884][948]LogAIModule: Creating AISystem for world ThirdPersonExampleMap
[2020.01.29-12.36.58:884][948]LogPlayLevel: PIE: World Init took: (0.001255s)
[2020.01.29-12.36.58:884][948]LogPlayLevel: PIE: Created PIE world by copying editor world from /Game/ThirdPersonBP/Maps/ThirdPersonExampleMap.ThirdPersonExampleMap to /Game/ThirdPersonBP/Maps/UEDPIE_0_ThirdPersonExampleMap.ThirdPersonExampleMap (0.018004s)
[2020.01.29-12.36.58:911][948]LogUObjectHash: Compacting FUObjectHashTables data took   0.90ms
[2020.01.29-12.36.58:920][948]LogInit: XAudio2 using 'Speakers (High Definition Audio Device)' : 2 channels at 48 kHz using 16 bits per sample (channel mask 0x3)
[2020.01.29-12.36.58:934][948]LogInit: FAudioDevice initialized.
[2020.01.29-12.36.58:992][948]LogLoad: Game class is 'ThirdPersonGameMode_C'
[2020.01.29-12.36.58:995][948]LogWorld: Bringing World /Game/ThirdPersonBP/Maps/UEDPIE_0_ThirdPersonExampleMap.ThirdPersonExampleMap up for play (max tick rate 0) at 2020.01.29-12.36.58
[2020.01.29-12.36.58:999][948]LogWorld: Bringing up level for play took: 0.004682
[2020.01.29-12.36.59:018][948]LogContentBrowser: Native class hierarchy updated for 'MovieSceneCapture' in 0.0014 seconds. Added 20 classes and 0 folders.
[2020.01.29-12.36.59:019][948]PIE: Play in editor start time for /Game/ThirdPersonBP/Maps/UEDPIE_0_ThirdPersonExampleMap 0.529
[2020.01.29-12.36.59:019][948]LogBlueprintUserMessages: Late PlayInEditor Detection: Level '/Game/ThirdPersonBP/Maps/ThirdPersonExampleMap.ThirdPersonExampleMap:PersistentLevel' has LevelScriptBlueprint '/Game/ThirdPersonBP/Maps/ThirdPersonExampleMap.ThirdPersonExampleMap:PersistentLevel.ThirdPersonExampleMap' with GeneratedClass '/Game/ThirdPersonBP/Maps/ThirdPersonExampleMap.ThirdPersonExampleMap_C' with ClassGeneratedBy '/Game/ThirdPersonBP/Maps/ThirdPersonExampleMap.ThirdPersonExampleMap:PersistentLevel.ThirdPersonExampleMap'
[2020.01.29-12.39.21:230][  2]LogBlueprintUserMessages: Early EndPlayMap Detection: Level '/Game/ThirdPersonBP/Maps/ThirdPersonExampleMap.ThirdPersonExampleMap:PersistentLevel' has LevelScriptBlueprint '/Game/ThirdPersonBP/Maps/ThirdPersonExampleMap.ThirdPersonExampleMap:PersistentLevel.ThirdPersonExampleMap' with GeneratedClass '/Game/ThirdPersonBP/Maps/ThirdPersonExampleMap.ThirdPersonExampleMap_C' with ClassGeneratedBy '/Game/ThirdPersonBP/Maps/ThirdPersonExampleMap.ThirdPersonExampleMap:PersistentLevel.ThirdPersonExampleMap'
[2020.01.29-12.39.21:231][  2]LogSlate: Updating window title bar state: overlay mode, drag disabled, window buttons hidden, title bar hidden
[2020.01.29-12.39.21:258][  2]LogPlayLevel: Display: Shutting down PIE online subsystems
[2020.01.29-12.39.21:258][  2]LogBlueprintUserMessages: Late EndPlayMap Detection: Level '/Game/ThirdPersonBP/Maps/ThirdPersonExampleMap.ThirdPersonExampleMap:PersistentLevel' has LevelScriptBlueprint '/Game/ThirdPersonBP/Maps/ThirdPersonExampleMap.ThirdPersonExampleMap:PersistentLevel.ThirdPersonExampleMap' with GeneratedClass '/Game/ThirdPersonBP/Maps/ThirdPersonExampleMap.ThirdPersonExampleMap_C' with ClassGeneratedBy '/Game/ThirdPersonBP/Maps/ThirdPersonExampleMap.ThirdPersonExampleMap:PersistentLevel.ThirdPersonExampleMap'
[2020.01.29-12.39.21:283][  2]LogSlate: Updating window title bar state: overlay mode, drag disabled, window buttons hidden, title bar hidden
[2020.01.29-12.39.21:287][  2]LogUObjectHash: Compacting FUObjectHashTables data took   1.72ms
[2020.01.29-12.39.21:336][  7]LogPlayLevel: Display: Destroying online subsystem :Context_3
[2020.01.29-12.39.46:052][972]LogSlate: FSceneViewport::OnFocusLost() reason 0
[2020.01.29-12.42.06:154][398]LogUObjectHash: Compacting FUObjectHashTables data took   0.67ms
[2020.01.29-12.42.06:930][398]LogSavePackage: Moving 'M:/Year 2/Sem 2/DES203/Game Project/New folder/SuperAwesomeGame/SuperAwesomeGame/Saved/ThirdPersonExampleMap_Auto1257AFC2D4AD0C1B522D6C1916569833A.tmp' to 'M:/Year 2/Sem 2/DES203/Game Project/New folder/SuperAwesomeGame/SuperAwesomeGame/Saved/Autosaves/Game/ThirdPersonBP/Maps/ThirdPersonExampleMap_Auto1.umap'
[2020.01.29-12.42.06:945][398]LogFileHelpers: Editor autosave (incl. sublevels) for '/Game/ThirdPersonBP/Maps/ThirdPersonExampleMap' took 0.810
[2020.01.29-12.42.06:945][398]LogFileHelpers: Editor autosave (incl. sublevels) for all levels took 0.810
[2020.01.29-12.51.47:427][399]LogAssetEditorManager: Opening Asset editor for Blueprint /Game/ThirdPersonBP/Blueprints/ThirdPersonCharacter.ThirdPersonCharacter
[2020.01.29-12.51.47:664][399]LogContentBrowser: Native class hierarchy updated for 'BlueprintGraph' in 0.0013 seconds. Added 121 classes and 0 folders.
[2020.01.29-12.51.48:402][399]LogSlate: Took 0.000934 seconds to synchronously load lazily loaded font '../../../Engine/Content/Slate/Fonts/Roboto-BoldCondensed.ttf' (158K)
[2020.01.29-12.51.56:547][221]LogSlate: FSceneViewport::OnFocusLost() reason 0
[2020.01.29-12.51.59:486][513]LogTemp: Repeating last play command: Selected Viewport
[2020.01.29-12.51.59:501][513]LogBlueprintUserMessages: Early PlayInEditor Detection: Level '/Game/ThirdPersonBP/Maps/ThirdPersonExampleMap.ThirdPersonExampleMap:PersistentLevel' has LevelScriptBlueprint '/Game/ThirdPersonBP/Maps/ThirdPersonExampleMap.ThirdPersonExampleMap:PersistentLevel.ThirdPersonExampleMap' with GeneratedClass '/Game/ThirdPersonBP/Maps/ThirdPersonExampleMap.ThirdPersonExampleMap_C' with ClassGeneratedBy '/Game/ThirdPersonBP/Maps/ThirdPersonExampleMap.ThirdPersonExampleMap:PersistentLevel.ThirdPersonExampleMap'
[2020.01.29-12.51.59:501][513]BlueprintLog: New page: Pre-Play auto-recompile
[2020.01.29-12.51.59:552][513]LogPlayLevel: [PlayLevel] Compiling ThirdPersonCharacter before play...
[2020.01.29-12.51.59:732][513]LogUObjectHash: Compacting FUObjectHashTables data took   3.02ms
[2020.01.29-12.51.59:732][513]LogPlayLevel: PlayLevel: Blueprint regeneration took 231 ms (1 blueprints)
[2020.01.29-12.51.59:732][513]PIE: New page: PIE session: ThirdPersonExampleMap (29 Jan 2020 12:51:59)
[2020.01.29-12.51.59:732][513]LogPlayLevel: Creating play world package: /Game/ThirdPersonBP/Maps/UEDPIE_0_ThirdPersonExampleMap
[2020.01.29-12.51.59:746][513]LogPlayLevel: PIE: StaticDuplicateObject took: (0.014233s)
[2020.01.29-12.51.59:747][513]LogAIModule: Creating AISystem for world ThirdPersonExampleMap
[2020.01.29-12.51.59:747][513]LogPlayLevel: PIE: World Init took: (0.000776s)
[2020.01.29-12.51.59:747][513]LogPlayLevel: PIE: Created PIE world by copying editor world from /Game/ThirdPersonBP/Maps/ThirdPersonExampleMap.ThirdPersonExampleMap to /Game/ThirdPersonBP/Maps/UEDPIE_0_ThirdPersonExampleMap.ThirdPersonExampleMap (0.015467s)
[2020.01.29-12.51.59:783][513]LogUObjectHash: Compacting FUObjectHashTables data took   1.52ms
[2020.01.29-12.51.59:795][513]LogInit: XAudio2 using 'Speakers (High Definition Audio Device)' : 2 channels at 48 kHz using 16 bits per sample (channel mask 0x3)
[2020.01.29-12.51.59:811][513]LogInit: FAudioDevice initialized.
[2020.01.29-12.51.59:842][513]LogLoad: Game class is 'ThirdPersonGameMode_C'
[2020.01.29-12.51.59:845][513]LogWorld: Bringing World /Game/ThirdPersonBP/Maps/UEDPIE_0_ThirdPersonExampleMap.ThirdPersonExampleMap up for play (max tick rate 0) at 2020.01.29-12.51.59
[2020.01.29-12.51.59:845][513]LogWorld: Bringing up level for play took: 0.001724
[2020.01.29-12.51.59:858][513]PIE: Play in editor start time for /Game/ThirdPersonBP/Maps/UEDPIE_0_ThirdPersonExampleMap -0.631
[2020.01.29-12.51.59:859][513]LogBlueprintUserMessages: Late PlayInEditor Detection: Level '/Game/ThirdPersonBP/Maps/ThirdPersonExampleMap.ThirdPersonExampleMap:PersistentLevel' has LevelScriptBlueprint '/Game/ThirdPersonBP/Maps/ThirdPersonExampleMap.ThirdPersonExampleMap:PersistentLevel.ThirdPersonExampleMap' with GeneratedClass '/Game/ThirdPersonBP/Maps/ThirdPersonExampleMap.ThirdPersonExampleMap_C' with ClassGeneratedBy '/Game/ThirdPersonBP/Maps/ThirdPersonExampleMap.ThirdPersonExampleMap:PersistentLevel.ThirdPersonExampleMap'
[2020.01.29-12.52.03:870][976]LogBlueprintUserMessages: Early EndPlayMap Detection: Level '/Game/ThirdPersonBP/Maps/ThirdPersonExampleMap.ThirdPersonExampleMap:PersistentLevel' has LevelScriptBlueprint '/Game/ThirdPersonBP/Maps/ThirdPersonExampleMap.ThirdPersonExampleMap:PersistentLevel.ThirdPersonExampleMap' with GeneratedClass '/Game/ThirdPersonBP/Maps/ThirdPersonExampleMap.ThirdPersonExampleMap_C' with ClassGeneratedBy '/Game/ThirdPersonBP/Maps/ThirdPersonExampleMap.ThirdPersonExampleMap:PersistentLevel.ThirdPersonExampleMap'
[2020.01.29-12.52.03:870][976]LogSlate: Updating window title bar state: overlay mode, drag disabled, window buttons hidden, title bar hidden
[2020.01.29-12.52.03:899][976]LogPlayLevel: Display: Shutting down PIE online subsystems
[2020.01.29-12.52.03:899][976]LogBlueprintUserMessages: Late EndPlayMap Detection: Level '/Game/ThirdPersonBP/Maps/ThirdPersonExampleMap.ThirdPersonExampleMap:PersistentLevel' has LevelScriptBlueprint '/Game/ThirdPersonBP/Maps/ThirdPersonExampleMap.ThirdPersonExampleMap:PersistentLevel.ThirdPersonExampleMap' with GeneratedClass '/Game/ThirdPersonBP/Maps/ThirdPersonExampleMap.ThirdPersonExampleMap_C' with ClassGeneratedBy '/Game/ThirdPersonBP/Maps/ThirdPersonExampleMap.ThirdPersonExampleMap:PersistentLevel.ThirdPersonExampleMap'
[2020.01.29-12.52.03:928][976]LogSlate: Updating window title bar state: overlay mode, drag disabled, window buttons hidden, title bar hidden
[2020.01.29-12.52.03:932][976]LogUObjectHash: Compacting FUObjectHashTables data took   1.63ms
[2020.01.29-12.52.03:977][980]LogPlayLevel: Display: Destroying online subsystem :Context_5
[2020.01.29-12.52.28:886][960]LogUObjectHash: Compacting FUObjectHashTables data took   0.61ms
[2020.01.29-12.52.29:806][960]LogSavePackage: Moving 'M:/Year 2/Sem 2/DES203/Game Project/New folder/SuperAwesomeGame/SuperAwesomeGame/Saved/ThirdPersonExampleMap_Auto287C922E24A6B8DA87C592CA04918F5D4.tmp' to 'M:/Year 2/Sem 2/DES203/Game Project/New folder/SuperAwesomeGame/SuperAwesomeGame/Saved/Autosaves/Game/ThirdPersonBP/Maps/ThirdPersonExampleMap_Auto2.umap'
[2020.01.29-12.52.29:827][960]LogFileHelpers: Editor autosave (incl. sublevels) for '/Game/ThirdPersonBP/Maps/ThirdPersonExampleMap' took 0.970
[2020.01.29-12.52.29:827][960]LogFileHelpers: Editor autosave (incl. sublevels) for all levels took 0.970
[2020.01.29-12.52.29:831][960]OBJ SavePackage: Generating thumbnails for [1] asset(s) in package [/Game/ThirdPersonBP/Blueprints/ThirdPersonCharacter] ([1] browsable assets)...
[2020.01.29-12.52.29:854][960]OBJ SavePackage:     Rendered thumbnail for [Blueprint /Game/ThirdPersonBP/Blueprints/ThirdPersonCharacter.ThirdPersonCharacter]
[2020.01.29-12.52.29:854][960]OBJ SavePackage: Finished generating thumbnails for package [/Game/ThirdPersonBP/Blueprints/ThirdPersonCharacter]
[2020.01.29-12.52.30:380][960]LogSavePackage: Moving 'M:/Year 2/Sem 2/DES203/Game Project/New folder/SuperAwesomeGame/SuperAwesomeGame/Saved/ThirdPersonCharacter_Auto29FDF3EDC4F32F0E0808F4DBEF74218C3.tmp' to 'M:/Year 2/Sem 2/DES203/Game Project/New folder/SuperAwesomeGame/SuperAwesomeGame/Saved/Autosaves/Game/ThirdPersonBP/Blueprints/ThirdPersonCharacter_Auto2.uasset'
[2020.01.29-12.52.30:390][960]LogFileHelpers: Auto-saving content packages took 0.560
[2020.01.29-12.52.48:013][ 73]Cmd: SELECT NONE
[2020.01.29-13.15.29:928][869]LogAssetEditorManager: Opening Asset editor for BlendSpace /Game/RPGAssets/Mesh/Eve_BS.Eve_BS
[2020.01.29-13.15.30:226][869]LogBlueprintActionDatabase: Requesting refresh due to module change: AnimationEditor (loaded)
[2020.01.29-13.15.30:255][869]LogBlueprintActionDatabase: Requesting refresh due to module change: SkeletonEditor (loaded)
[2020.01.29-13.15.30:256][869]LogContentBrowser: Native class hierarchy updated for 'SkeletonEditor' in 0.0013 seconds. Added 1 classes and 2 folders.
[2020.01.29-13.15.30:478][869]LogActorComponent: RegisterComponentWithWorld: (/Engine/Transient.World_9:PersistentLevel.AnimationEditorPreviewActor_0.DebugSkelMeshComponent_0) Already registered. Aborting.
[2020.01.29-13.15.30:482][869]LogBlueprintActionDatabase: Requesting refresh due to module change: PinnedCommandList (loaded)
[2020.01.29-13.15.30:482][869]LogContentBrowser: Native class hierarchy updated for 'PinnedCommandList' in 0.0004 seconds. Added 1 classes and 0 folders.
[2020.01.29-13.15.30:512][869]LogSkeletalMesh: USkeletalMeshComponent::InitArticulated : Bodies already created (/Engine/Transient.World_9:PersistentLevel.AnimationEditorPreviewActor_0.DebugSkelMeshComponent_0) - call TermArticulated first.
[2020.01.29-13.15.31:077][869]LogContentBrowser: Verbose: The majority of assets in the view are of type: AnimSequence
[2020.01.29-13.16.55:994][ 41]LogAssetEditorManager: Opening Asset editor for Skeleton /Game/RPGAssets/Mesh/Eve_by_J__Gonzales_Skeleton.Eve_by_J__Gonzales_Skeleton
[2020.01.29-13.16.56:000][ 41]LogActorComponent: RegisterComponentWithWorld: (/Engine/Transient.World_11:PersistentLevel.AnimationEditorPreviewActor_0.DebugSkelMeshComponent_0) Already registered. Aborting.
[2020.01.29-13.16.56:024][ 41]LogSkeletalMesh: USkeletalMeshComponent::InitArticulated : Bodies already created (/Engine/Transient.World_11:PersistentLevel.AnimationEditorPreviewActor_0.DebugSkelMeshComponent_0) - call TermArticulated first.
[2020.01.29-13.16.56:283][ 42]LogRenderer: Reallocating scene render targets to support 1208x884 Format 10 NumSamples 1 (Frame:1).
[2020.01.29-13.21.40:739][457]LogAssetEditorManager: Opening Asset editor for SkeletalMesh /Game/RPGAssets/Mesh/Eve_by_J__Gonzales.Eve_by_J__Gonzales
[2020.01.29-13.21.40:751][457]LogActorComponent: RegisterComponentWithWorld: (/Engine/Transient.World_12:PersistentLevel.AnimationEditorPreviewActor_0.DebugSkelMeshComponent_0) Already registered. Aborting.
[2020.01.29-13.21.40:778][457]LogSkeletalMesh: USkeletalMeshComponent::InitArticulated : Bodies already created (/Engine/Transient.World_12:PersistentLevel.AnimationEditorPreviewActor_0.DebugSkelMeshComponent_0) - call TermArticulated first.
[2020.01.29-13.21.40:980][457]LogSlate: Took 0.001057 seconds to synchronously load lazily loaded font '../../../Engine/Content/Slate/Fonts/Roboto-Italic.ttf' (157K)
